#
# A fatal error has been detected by the Java Runtime Environment:
#
#  EXCEPTION_ACCESS_VIOLATION (0xc0000005) at pc=0x00007ff900045ca8, pid=21924, tid=22228
#
# JRE version: Java(TM) SE Runtime Environment (17.0.7+8) (build 17.0.7+8-LTS-224)
# Java VM: Java HotSpot(TM) 64-Bit Server VM (17.0.7+8-LTS-224, mixed mode, emulated-client, sharing, tiered, compressed oops, compressed class ptrs, g1 gc, windows-amd64)
# Problematic frame:
# V  [jvm.dll+0x3d5ca8]
#
# No core dump will be written. Minidumps are not enabled by default on client versions of Windows
#
# If you would like to submit a bug report, please visit:
#   https://bugreport.java.com/bugreport/crash.jsp
#

---------------  S U M M A R Y ------------

Command Line: -javaagent:C:\Users\Admin\.gradle\caches\modules-2\files-2.1\io.quarkus\quarkus-class-change-agent\3.3.2\9e68c3c8ff7eb422127993ff9ac7d48094f4dab0\quarkus-class-change-agent-3.3.2.jar -Dquarkus-internal.serialized-app-model.path=C:\Code\Learning\quarkus\learn-quarkus\poc-with-quarkus\build\tmp\quarkusDev\quarkus-app-model.dat -Dquarkus-internal-test.serialized-app-model.path=C:\Code\Learning\quarkus\learn-quarkus\poc-with-quarkus\build\tmp\quarkusDev\quarkus-app-test-model.dat -XX:TieredStopAtLevel=1 -agentlib:jdwp=transport=dt_socket,address=localhost:5005,server=y,suspend=n -Djava.util.logging.manager=org.jboss.logmanager.LogManager C:\Code\Learning\quarkus\learn-quarkus\poc-with-quarkus\build\poc-with-quarkus-dev.jar

Host: Intel(R) Core(TM) i7-10510U CPU @ 1.80GHz, 8 cores, 15G,  Windows 11 , 64 bit Build 22621 (10.0.22621.2215)
Time: Thu Sep 14 13:34:59 2023 India Standard Time elapsed time: 1.902204 seconds (0d 0h 0m 1s)

---------------  T H R E A D  ---------------

Current thread (0x000002a6f16481f0):  JavaThread "build-29" [_thread_in_vm, id=22228, stack(0x000000e1f0d00000,0x000000e1f0e00000)]

Stack: [0x000000e1f0d00000,0x000000e1f0e00000],  sp=0x000000e1f0dfd6c0,  free space=1013k
Native frames: (J=compiled Java code, j=interpreted, Vv=VM code, C=native code)
V  [jvm.dll+0x3d5ca8]
C  [jansi.dll+0x104e]

Java frames: (J=compiled Java code, j=interpreted, Vv=VM code)
j  org.fusesource.jansi.internal.CLibrary.init()V+0
j  org.fusesource.jansi.internal.CLibrary.<clinit>()V+12
v  ~StubRoutines::call_stub
j  org.fusesource.jansi.AnsiConsole.ansiStream(Z)Lorg/fusesource/jansi/AnsiPrintStream;+62
j  org.fusesource.jansi.AnsiConsole.initStreams()V+7
j  org.fusesource.jansi.AnsiConsole.out()Lorg/fusesource/jansi/AnsiPrintStream;+0
j  org.aesh.readline.terminal.impl.WinSysTerminal.<init>(Ljava/lang/String;ZLorg/aesh/terminal/Terminal$SignalHandler;)V+4
j  org.aesh.readline.terminal.impl.WinSysTerminal.<init>(Ljava/lang/String;Z)V+6
j  org.aesh.readline.terminal.TerminalBuilder.createWindowsTerminal(Ljava/lang/String;)Lorg/aesh/terminal/Terminal;+15
j  org.aesh.readline.terminal.TerminalBuilder.build()Lorg/aesh/terminal/Terminal;+125
j  org.aesh.readline.tty.terminal.TerminalConnection.<init>(Ljava/nio/charset/Charset;Ljava/nio/charset/Charset;Ljava/io/InputStream;Ljava/io/OutputStream;Ljava/util/function/Consumer;)V+85
j  org.aesh.readline.tty.terminal.TerminalConnection.<init>(Ljava/util/function/Consumer;)V+14
j  io.quarkus.deployment.console.ConsoleHelper.installConsole(Lio/quarkus/deployment/dev/testing/TestConfig;Lio/quarkus/deployment/console/ConsoleConfig;Lio/quarkus/runtime/console/ConsoleRuntimeConfig;Lio/quarkus/runtime/logging/ConsoleConfig;Z)V+95
j  io.quarkus.deployment.console.ConsoleProcessor.setupConsole(Lio/quarkus/deployment/dev/testing/TestConfig;Lio/quarkus/deployment/annotations/BuildProducer;Lio/quarkus/deployment/builditem/LaunchModeBuildItem;Lio/quarkus/deployment/console/ConsoleConfig;)Lio/quarkus/deployment/console/ConsoleInstalledBuildItem;+101
v  ~StubRoutines::call_stub
j  jdk.internal.reflect.NativeMethodAccessorImpl.invoke0(Ljava/lang/reflect/Method;Ljava/lang/Object;[Ljava/lang/Object;)Ljava/lang/Object;+0 java.base@17.0.7
j  jdk.internal.reflect.NativeMethodAccessorImpl.invoke(Ljava/lang/Object;[Ljava/lang/Object;)Ljava/lang/Object;+133 java.base@17.0.7
J 795 c1 jdk.internal.reflect.DelegatingMethodAccessorImpl.invoke(Ljava/lang/Object;[Ljava/lang/Object;)Ljava/lang/Object; java.base@17.0.7 (10 bytes) @ 0x000002a6df136c04 [0x000002a6df136ba0+0x0000000000000064]
J 794 c1 java.lang.reflect.Method.invoke(Ljava/lang/Object;[Ljava/lang/Object;)Ljava/lang/Object; java.base@17.0.7 (65 bytes) @ 0x000002a6df13700c [0x000002a6df136ee0+0x000000000000012c]
j  io.quarkus.deployment.ExtensionLoader$3.execute(Lio/quarkus/builder/BuildContext;)V+265
j  io.quarkus.builder.BuildContext.run()V+70
j  io.quarkus.builder.BuildContext$$Lambda$262+0x0000000800e00f40.run()V+4
j  org.jboss.threads.ContextHandler$1.runWith(Ljava/lang/Runnable;Ljava/lang/Object;)V+1
j  org.jboss.threads.EnhancedQueueExecutor$Task.run()V+67
j  org.jboss.threads.EnhancedQueueExecutor$ThreadBody.run()V+177
j  java.lang.Thread.run()V+11 java.base@17.0.7
j  org.jboss.threads.JBossThread.run()V+12
v  ~StubRoutines::call_stub

siginfo: EXCEPTION_ACCESS_VIOLATION (0xc0000005), reading address 0x0000000000000000


Register to memory mapping:

RIP=0x00007ff900045ca8 jvm.dll
RAX=0x0 is NULL
RBX=0x000002a6f16481f0 is a thread
RCX=0xdcf6ffb8393e0000 is an unknown value
RDX=0x000000e1f0dfd7e0 is pointing into the stack for thread: 0x000002a6f16481f0
RSP=0x000000e1f0dfd6c0 is pointing into the stack for thread: 0x000002a6f16481f0
RBP=0x0 is NULL
RSI=0x0 is NULL
RDI=0x0 is NULL
R8 =0x0 is NULL
R9 =0x0 is NULL
R10=0x0000000000000039 is an unknown value
R11=0x000000e1f0dfd6b8 is pointing into the stack for thread: 0x000002a6f16481f0
R12=0x0 is NULL
R13={method} {0x000002a6f243c978} 'init' '()V' in 'org/fusesource/jansi/internal/CLibrary'
R14=0x000000e1f0dfd7e8 is pointing into the stack for thread: 0x000002a6f16481f0
R15=0x000002a6f16481f0 is a thread


Registers:
RAX=0x0000000000000000, RBX=0x000002a6f16481f0, RCX=0xdcf6ffb8393e0000, RDX=0x000000e1f0dfd7e0
RSP=0x000000e1f0dfd6c0, RBP=0x0000000000000000, RSI=0x0000000000000000, RDI=0x0000000000000000
R8 =0x0000000000000000, R9 =0x0000000000000000, R10=0x0000000000000039, R11=0x000000e1f0dfd6b8
R12=0x0000000000000000, R13=0x000002a6f243c970, R14=0x000000e1f0dfd7e8, R15=0x000002a6f16481f0
RIP=0x00007ff900045ca8, EFLAGS=0x0000000000010246

Top of Stack: (sp=0x000000e1f0dfd6c0)
0x000000e1f0dfd6c0:   000002a6f16481f0 0000000000000000
0x000000e1f0dfd6d0:   000000e1f0dfdbe8 000002a6f16481f0
0x000000e1f0dfd6e0:   0000000000000000 00007ff8ffff0122
0x000000e1f0dfd6f0:   000000e1f0dfdbe0 000000000000001d
0x000000e1f0dfd700:   000002a6f16481f0 000002a6f05f1228
0x000000e1f0dfd710:   000002a6000007c1 00007ff90057df50
0x000000e1f0dfd720:   000000e1f0dfd7e0 00007ff919fc104e
0x000000e1f0dfd730:   000002a6485029f4 00007ff900710660
0x000000e1f0dfd740:   000000e1f0dfd7d0 000002a6f1648498
0x000000e1f0dfd750:   000000e1f0dfdbe8 000002a6ded50dcd
0x000000e1f0dfd760:   000002a6f243c970 000000e1f0dfdbe0
0x000000e1f0dfd770:   0000000000000000 0000000000000001
0x000000e1f0dfd780:   000002a6ded506dd 000000e1f0dfd788
0x000000e1f0dfd790:   000002a6f243c970 000000e1f0dfd7e8
0x000000e1f0dfd7a0:   000002a6f243d5a8 0000000000000000
0x000000e1f0dfd7b0:   00000007143b9c78 000002a6f243c970 

Instructions: (pc=0x00007ff900045ca8)
0x00007ff900045ba8:   24 60 90 49 8b 6b 20 49 8b 73 28 c7 83 38 03 00
0x00007ff900045bb8:   00 04 00 00 00 49 8b 5b 18 49 8b e3 5f c3 cc cc
0x00007ff900045bc8:   cc cc cc cc cc cc cc cc 48 89 5c 24 10 48 89 6c
0x00007ff900045bd8:   24 18 48 89 74 24 20 57 48 83 ec 60 8b 81 b8 00
0x00007ff900045be8:   00 00 48 8d 99 58 fd ff ff 05 55 21 ff ff 33 ff
0x00007ff900045bf8:   41 8b e9 49 8b f0 83 f8 01 76 0a 48 8b cb e8 b5
0x00007ff900045c08:   18 3b 00 8b df c7 83 38 03 00 00 05 00 00 00 e8
0x00007ff900045c18:   84 20 29 00 90 48 8b 83 40 03 00 00 a8 01 74 0a
0x00007ff900045c28:   b2 01 48 8b cb e8 3e 20 30 00 39 bb 2c 03 00 00
0x00007ff900045c38:   75 0a 8b 83 28 03 00 00 a8 0c 74 0a 33 d2 48 8b
0x00007ff900045c48:   cb e8 52 40 3b 00 c7 83 38 03 00 00 06 00 00 00
0x00007ff900045c58:   48 89 5c 24 40 48 89 7c 24 48 48 39 7b 08 74 0a
0x00007ff900045c68:   48 8d 4c 24 40 e8 9e bc 2c 00 40 38 3d c2 4e 73
0x00007ff900045c78:   00 74 2d 4c 8b 0e 48 8d 44 24 70 48 89 44 24 38
0x00007ff900045c88:   45 33 c0 c6 44 24 30 49 33 d2 c6 44 24 28 01 48
0x00007ff900045c98:   8b cb 48 89 74 24 20 89 6c 24 70 e8 48 3f 14 00
0x00007ff900045ca8:   48 8b 06 48 8b 48 70 48 85 c9 74 09 ff 15 66 03
0x00007ff900045cb8:   6c 00 48 8b f8 48 63 4e 10 89 2c 0f 48 83 7c 24
0x00007ff900045cc8:   48 00 74 0a 48 8d 4c 24 40 e8 da bc 2c 00 48 8b
0x00007ff900045cd8:   bb e8 00 00 00 48 8b 47 10 48 83 38 00 74 08 48
0x00007ff900045ce8:   8b cf e8 d1 2f f7 ff 48 8b 4f 08 48 8b d3 48 8b
0x00007ff900045cf8:   47 10 48 89 41 10 48 8b 4f 08 48 8b 47 18 48 89
0x00007ff900045d08:   41 18 48 8b 4f 08 48 8b 47 20 48 89 41 20 48 8d
0x00007ff900045d18:   8b 88 02 00 00 e8 8e 24 ef ff 4c 8d 5c 24 60 90
0x00007ff900045d28:   49 8b 6b 20 49 8b 73 28 c7 83 38 03 00 00 04 00
0x00007ff900045d38:   00 00 49 8b 5b 18 49 8b e3 5f c3 cc cc cc cc cc
0x00007ff900045d48:   cc cc cc cc cc cc cc cc 48 89 5c 24 10 48 89 6c
0x00007ff900045d58:   24 18 48 89 74 24 20 57 48 83 ec 60 8b 81 b8 00
0x00007ff900045d68:   00 00 48 8d 99 58 fd ff ff 05 55 21 ff ff 33 ff
0x00007ff900045d78:   49 8b e9 49 8b f0 83 f8 01 76 0a 48 8b cb e8 35
0x00007ff900045d88:   17 3b 00 8b df c7 83 38 03 00 00 05 00 00 00 e8
0x00007ff900045d98:   04 1f 29 00 90 48 8b 83 40 03 00 00 a8 01 74 0a 


Stack slot to memory mapping:
stack at sp + 0 slots: 0x000002a6f16481f0 is a thread
stack at sp + 1 slots: 0x0 is NULL
stack at sp + 2 slots: 0x000000e1f0dfdbe8 is pointing into the stack for thread: 0x000002a6f16481f0
stack at sp + 3 slots: 0x000002a6f16481f0 is a thread
stack at sp + 4 slots: 0x0 is NULL
stack at sp + 5 slots: 0x00007ff8ffff0122 jvm.dll
stack at sp + 6 slots: 0x000000e1f0dfdbe0 is pointing into the stack for thread: 0x000002a6f16481f0
stack at sp + 7 slots: 0x000000000000001d is an unknown value


---------------  P R O C E S S  ---------------

Threads class SMR info:
_java_thread_list=0x000002a6f01ae880, length=107, elements={
0x000002a6d74bdb50, 0x000002a6edeaceb0, 0x000002a6edeaf130, 0x000002a6edec8090,
0x000002a6edec8e10, 0x000002a6edecb7d0, 0x000002a6edecc790, 0x000002a6edecf8f0,
0x000002a6eded44f0, 0x000002a6ede96eb0, 0x000002a6ee8e05f0, 0x000002a6ee8e53d0,
0x000002a6eeca05d0, 0x000002a6eeca3290, 0x000002a6eeca7aa0, 0x000002a6eee484a0,
0x000002a6efeef9c0, 0x000002a6eff7d140, 0x000002a6f1834b80, 0x000002a6f1842500,
0x000002a6f0602380, 0x000002a6f0602850, 0x000002a6f0602d20, 0x000002a6f0603b90,
0x000002a6f06031f0, 0x000002a6f06036c0, 0x000002a6f1649ed0, 0x000002a6f1649060,
0x000002a6f164c080, 0x000002a6f164a870, 0x000002a6f164d890, 0x000002a6f164ad40,
0x000002a6f164d3c0, 0x000002a6f164dd60, 0x000002a6f164ca20, 0x000002a6f164b6e0,
0x000002a6f164bbb0, 0x000002a6f164e700, 0x000002a6f1647380, 0x000002a6f164c550,
0x000002a6f1646eb0, 0x000002a6f1649530, 0x000002a6f1647d20, 0x000002a6f1647850,
0x000002a6f164e230, 0x000002a6f16481f0, 0x000002a6f16486c0, 0x000002a6f164cef0,
0x000002a6f164b210, 0x000002a6f1648b90, 0x000002a6f1649a00, 0x000002a6f164a3a0,
0x000002a6f18b5a10, 0x000002a6f18af9d0, 0x000002a6f18b1b80, 0x000002a6f18b5ee0,
0x000002a6f18afea0, 0x000002a6f18b3860, 0x000002a6f18b63b0, 0x000002a6f18aeb60,
0x000002a6f18af030, 0x000002a6f18b2520, 0x000002a6f18b0370, 0x000002a6f18b2050,
0x000002a6f18b4ba0, 0x000002a6f18b16b0, 0x000002a6f18b3390, 0x000002a6f18b5070,
0x000002a6f18af500, 0x000002a6f18b11e0, 0x000002a6f18b0840, 0x000002a6f18b0d10,
0x000002a6f18b29f0, 0x000002a6f18b2ec0, 0x000002a6f18b3d30, 0x000002a6f18b4200,
0x000002a6f18b46d0, 0x000002a6f18b5540, 0x000002a6f19bf9b0, 0x000002a6f19be1a0,
0x000002a6f19beb40, 0x000002a6f19bfe80, 0x000002a6f19c0350, 0x000002a6f19bb180,
0x000002a6f19bc4c0, 0x000002a6f19c0820, 0x000002a6f19c1b60, 0x000002a6f19c11c0,
0x000002a6f19bb650, 0x000002a6f19bbff0, 0x000002a6f19c0cf0, 0x000002a6f19c1690,
0x000002a6f19bdcd0, 0x000002a6f19bbb20, 0x000002a6f19c2030, 0x000002a6f19bd330,
0x000002a6f19bc990, 0x000002a6f19bce60, 0x000002a6f19c2500, 0x000002a6f19bacb0,
0x000002a6f19be670, 0x000002a6f19bf010, 0x000002a6f19bd800, 0x000002a6f19bf4e0,
0x000002a6f1a56420, 0x000002a6f1a550e0, 0x000002a6f1a57c30
}

Java Threads: ( => current thread )
  0x000002a6d74bdb50 JavaThread "main" [_thread_blocked, id=21944, stack(0x000000e1ecb00000,0x000000e1ecc00000)]
  0x000002a6edeaceb0 JavaThread "Reference Handler" daemon [_thread_blocked, id=21972, stack(0x000000e1ed200000,0x000000e1ed300000)]
  0x000002a6edeaf130 JavaThread "Finalizer" daemon [_thread_blocked, id=21976, stack(0x000000e1ed300000,0x000000e1ed400000)]
  0x000002a6edec8090 JavaThread "Signal Dispatcher" daemon [_thread_blocked, id=21980, stack(0x000000e1ed400000,0x000000e1ed500000)]
  0x000002a6edec8e10 JavaThread "Attach Listener" daemon [_thread_blocked, id=21984, stack(0x000000e1ed500000,0x000000e1ed600000)]
  0x000002a6edecb7d0 JavaThread "Service Thread" daemon [_thread_blocked, id=21988, stack(0x000000e1ed600000,0x000000e1ed700000)]
  0x000002a6edecc790 JavaThread "Monitor Deflation Thread" daemon [_thread_blocked, id=21992, stack(0x000000e1ed700000,0x000000e1ed800000)]
  0x000002a6edecf8f0 JavaThread "C1 CompilerThread0" daemon [_thread_blocked, id=21996, stack(0x000000e1ed800000,0x000000e1ed900000)]
  0x000002a6eded44f0 JavaThread "Sweeper thread" daemon [_thread_blocked, id=22000, stack(0x000000e1ed900000,0x000000e1eda00000)]
  0x000002a6ede96eb0 JavaThread "Common-Cleaner" daemon [_thread_blocked, id=22004, stack(0x000000e1eda00000,0x000000e1edb00000)]
  0x000002a6ee8e05f0 JavaThread "C1 CompilerThread1" daemon [_thread_blocked, id=22008, stack(0x000000e1edb00000,0x000000e1edc00000)]
  0x000002a6ee8e53d0 JavaThread "C1 CompilerThread2" daemon [_thread_blocked, id=22012, stack(0x000000e1edc00000,0x000000e1edd00000)]
  0x000002a6eeca05d0 JavaThread "JDWP Transport Listener: dt_socket" daemon [_thread_in_native, id=22016, stack(0x000000e1edd00000,0x000000e1ede00000)]
  0x000002a6eeca3290 JavaThread "JDWP Event Helper Thread" daemon [_thread_blocked, id=22020, stack(0x000000e1ede00000,0x000000e1edf00000)]
  0x000002a6eeca7aa0 JavaThread "Notification Thread" daemon [_thread_blocked, id=22024, stack(0x000000e1edf00000,0x000000e1ee000000)]
  0x000002a6eee484a0 JavaThread "C1 CompilerThread3" daemon [_thread_blocked, id=22032, stack(0x000000e1ee100000,0x000000e1ee200000)]
  0x000002a6efeef9c0 JavaThread "Quarkus Devmode keep alive thread" [_thread_blocked, id=22076, stack(0x000000e1eea00000,0x000000e1eeb00000)]
  0x000002a6eff7d140 JavaThread "ForkJoinPool.commonPool-worker-1" daemon [_thread_blocked, id=22080, stack(0x000000e1eeb00000,0x000000e1eec00000)]
  0x000002a6f1834b80 JavaThread "build-2" [_thread_blocked, id=22120, stack(0x000000e1ef200000,0x000000e1ef300000)]
  0x000002a6f1842500 JavaThread "build-3" [_thread_blocked, id=22124, stack(0x000000e1ef300000,0x000000e1ef400000)]
  0x000002a6f0602380 JavaThread "build-4" [_thread_blocked, id=22128, stack(0x000000e1ef400000,0x000000e1ef500000)]
  0x000002a6f0602850 JavaThread "build-5" [_thread_blocked, id=22132, stack(0x000000e1ef500000,0x000000e1ef600000)]
  0x000002a6f0602d20 JavaThread "build-6" [_thread_blocked, id=22136, stack(0x000000e1ef600000,0x000000e1ef700000)]
  0x000002a6f0603b90 JavaThread "build-7" [_thread_blocked, id=22140, stack(0x000000e1ef700000,0x000000e1ef800000)]
  0x000002a6f06031f0 JavaThread "build-8" [_thread_blocked, id=22144, stack(0x000000e1ef800000,0x000000e1ef900000)]
  0x000002a6f06036c0 JavaThread "build-9" [_thread_blocked, id=22148, stack(0x000000e1ef900000,0x000000e1efa00000)]
  0x000002a6f1649ed0 JavaThread "build-10" [_thread_blocked, id=22152, stack(0x000000e1efa00000,0x000000e1efb00000)]
  0x000002a6f1649060 JavaThread "build-11" [_thread_blocked, id=22156, stack(0x000000e1efb00000,0x000000e1efc00000)]
  0x000002a6f164c080 JavaThread "build-12" [_thread_blocked, id=22160, stack(0x000000e1efc00000,0x000000e1efd00000)]
  0x000002a6f164a870 JavaThread "build-13" [_thread_blocked, id=22164, stack(0x000000e1efd00000,0x000000e1efe00000)]
  0x000002a6f164d890 JavaThread "build-14" [_thread_blocked, id=22168, stack(0x000000e1efe00000,0x000000e1eff00000)]
  0x000002a6f164ad40 JavaThread "build-15" [_thread_blocked, id=22172, stack(0x000000e1eff00000,0x000000e1f0000000)]
  0x000002a6f164d3c0 JavaThread "build-16" [_thread_blocked, id=22176, stack(0x000000e1f0000000,0x000000e1f0100000)]
  0x000002a6f164dd60 JavaThread "build-17" [_thread_blocked, id=22180, stack(0x000000e1f0100000,0x000000e1f0200000)]
  0x000002a6f164ca20 JavaThread "build-18" [_thread_blocked, id=22184, stack(0x000000e1f0200000,0x000000e1f0300000)]
  0x000002a6f164b6e0 JavaThread "build-19" [_thread_blocked, id=22188, stack(0x000000e1f0300000,0x000000e1f0400000)]
  0x000002a6f164bbb0 JavaThread "build-20" [_thread_blocked, id=22192, stack(0x000000e1f0400000,0x000000e1f0500000)]
  0x000002a6f164e700 JavaThread "build-21" [_thread_blocked, id=22196, stack(0x000000e1f0500000,0x000000e1f0600000)]
  0x000002a6f1647380 JavaThread "build-22" [_thread_blocked, id=22200, stack(0x000000e1f0600000,0x000000e1f0700000)]
  0x000002a6f164c550 JavaThread "build-23" [_thread_blocked, id=22204, stack(0x000000e1f0700000,0x000000e1f0800000)]
  0x000002a6f1646eb0 JavaThread "build-24" [_thread_blocked, id=22208, stack(0x000000e1f0800000,0x000000e1f0900000)]
  0x000002a6f1649530 JavaThread "build-25" [_thread_blocked, id=22212, stack(0x000000e1f0900000,0x000000e1f0a00000)]
  0x000002a6f1647d20 JavaThread "build-26" [_thread_blocked, id=22216, stack(0x000000e1f0a00000,0x000000e1f0b00000)]
  0x000002a6f1647850 JavaThread "build-27" [_thread_blocked, id=22220, stack(0x000000e1f0b00000,0x000000e1f0c00000)]
  0x000002a6f164e230 JavaThread "build-28" [_thread_blocked, id=22224, stack(0x000000e1f0c00000,0x000000e1f0d00000)]
=>0x000002a6f16481f0 JavaThread "build-29" [_thread_in_vm, id=22228, stack(0x000000e1f0d00000,0x000000e1f0e00000)]
  0x000002a6f16486c0 JavaThread "build-30" [_thread_blocked, id=22232, stack(0x000000e1f0e00000,0x000000e1f0f00000)]
  0x000002a6f164cef0 JavaThread "build-31" [_thread_blocked, id=22236, stack(0x000000e1f0f00000,0x000000e1f1000000)]
  0x000002a6f164b210 JavaThread "build-32" [_thread_blocked, id=22240, stack(0x000000e1f1000000,0x000000e1f1100000)]
  0x000002a6f1648b90 JavaThread "build-33" [_thread_blocked, id=22244, stack(0x000000e1f1100000,0x000000e1f1200000)]
  0x000002a6f1649a00 JavaThread "build-34" [_thread_blocked, id=22248, stack(0x000000e1f1200000,0x000000e1f1300000)]
  0x000002a6f164a3a0 JavaThread "build-35" [_thread_blocked, id=22252, stack(0x000000e1f1300000,0x000000e1f1400000)]
  0x000002a6f18b5a10 JavaThread "build-36" [_thread_blocked, id=22256, stack(0x000000e1f1400000,0x000000e1f1500000)]
  0x000002a6f18af9d0 JavaThread "build-37" [_thread_blocked, id=22260, stack(0x000000e1f1500000,0x000000e1f1600000)]
  0x000002a6f18b1b80 JavaThread "build-38" [_thread_blocked, id=22264, stack(0x000000e1f1600000,0x000000e1f1700000)]
  0x000002a6f18b5ee0 JavaThread "build-39" [_thread_blocked, id=22268, stack(0x000000e1f1700000,0x000000e1f1800000)]
  0x000002a6f18afea0 JavaThread "build-40" [_thread_blocked, id=22272, stack(0x000000e1f1800000,0x000000e1f1900000)]
  0x000002a6f18b3860 JavaThread "build-41" [_thread_blocked, id=22276, stack(0x000000e1f1900000,0x000000e1f1a00000)]
  0x000002a6f18b63b0 JavaThread "build-42" [_thread_blocked, id=22280, stack(0x000000e1f1a00000,0x000000e1f1b00000)]
  0x000002a6f18aeb60 JavaThread "build-43" [_thread_blocked, id=22284, stack(0x000000e1f1b00000,0x000000e1f1c00000)]
  0x000002a6f18af030 JavaThread "build-44" [_thread_blocked, id=22288, stack(0x000000e1f1c00000,0x000000e1f1d00000)]
  0x000002a6f18b2520 JavaThread "build-45" [_thread_blocked, id=22292, stack(0x000000e1f1d00000,0x000000e1f1e00000)]
  0x000002a6f18b0370 JavaThread "build-46" [_thread_blocked, id=22296, stack(0x000000e1f1e00000,0x000000e1f1f00000)]
  0x000002a6f18b2050 JavaThread "build-47" [_thread_blocked, id=22300, stack(0x000000e1f1f00000,0x000000e1f2000000)]
  0x000002a6f18b4ba0 JavaThread "build-48" [_thread_blocked, id=22304, stack(0x000000e1f2000000,0x000000e1f2100000)]
  0x000002a6f18b16b0 JavaThread "build-49" [_thread_blocked, id=22308, stack(0x000000e1f2100000,0x000000e1f2200000)]
  0x000002a6f18b3390 JavaThread "build-50" [_thread_blocked, id=22312, stack(0x000000e1f2200000,0x000000e1f2300000)]
  0x000002a6f18b5070 JavaThread "build-51" [_thread_blocked, id=22316, stack(0x000000e1f2300000,0x000000e1f2400000)]
  0x000002a6f18af500 JavaThread "build-52" [_thread_blocked, id=22320, stack(0x000000e1f2400000,0x000000e1f2500000)]
  0x000002a6f18b11e0 JavaThread "build-53" [_thread_blocked, id=22324, stack(0x000000e1f2500000,0x000000e1f2600000)]
  0x000002a6f18b0840 JavaThread "build-54" [_thread_blocked, id=22328, stack(0x000000e1f2600000,0x000000e1f2700000)]
  0x000002a6f18b0d10 JavaThread "build-55" [_thread_blocked, id=22332, stack(0x000000e1f2700000,0x000000e1f2800000)]
  0x000002a6f18b29f0 JavaThread "build-56" [_thread_blocked, id=22336, stack(0x000000e1f2800000,0x000000e1f2900000)]
  0x000002a6f18b2ec0 JavaThread "build-57" [_thread_blocked, id=22340, stack(0x000000e1f2900000,0x000000e1f2a00000)]
  0x000002a6f18b3d30 JavaThread "build-58" [_thread_blocked, id=22344, stack(0x000000e1f2a00000,0x000000e1f2b00000)]
  0x000002a6f18b4200 JavaThread "build-59" [_thread_blocked, id=22348, stack(0x000000e1f2b00000,0x000000e1f2c00000)]
  0x000002a6f18b46d0 JavaThread "build-60" [_thread_blocked, id=22352, stack(0x000000e1f2c00000,0x000000e1f2d00000)]
  0x000002a6f18b5540 JavaThread "build-61" [_thread_blocked, id=22356, stack(0x000000e1f2d00000,0x000000e1f2e00000)]
  0x000002a6f19bf9b0 JavaThread "build-62" [_thread_blocked, id=22360, stack(0x000000e1f2e00000,0x000000e1f2f00000)]
  0x000002a6f19be1a0 JavaThread "build-63" [_thread_blocked, id=22364, stack(0x000000e1f2f00000,0x000000e1f3000000)]
  0x000002a6f19beb40 JavaThread "build-64" [_thread_blocked, id=22368, stack(0x000000e1f3000000,0x000000e1f3100000)]
  0x000002a6f19bfe80 JavaThread "build-65" [_thread_blocked, id=22372, stack(0x000000e1f3100000,0x000000e1f3200000)]
  0x000002a6f19c0350 JavaThread "build-66" [_thread_blocked, id=22376, stack(0x000000e1f3200000,0x000000e1f3300000)]
  0x000002a6f19bb180 JavaThread "build-67" [_thread_blocked, id=22380, stack(0x000000e1f3300000,0x000000e1f3400000)]
  0x000002a6f19bc4c0 JavaThread "build-68" [_thread_blocked, id=22384, stack(0x000000e1f3400000,0x000000e1f3500000)]
  0x000002a6f19c0820 JavaThread "build-69" [_thread_blocked, id=22388, stack(0x000000e1f3500000,0x000000e1f3600000)]
  0x000002a6f19c1b60 JavaThread "build-70" [_thread_blocked, id=22392, stack(0x000000e1f3600000,0x000000e1f3700000)]
  0x000002a6f19c11c0 JavaThread "build-71" [_thread_blocked, id=22396, stack(0x000000e1f3700000,0x000000e1f3800000)]
  0x000002a6f19bb650 JavaThread "build-72" [_thread_blocked, id=22400, stack(0x000000e1f3800000,0x000000e1f3900000)]
  0x000002a6f19bbff0 JavaThread "build-73" [_thread_blocked, id=22404, stack(0x000000e1f3900000,0x000000e1f3a00000)]
  0x000002a6f19c0cf0 JavaThread "build-74" [_thread_blocked, id=22408, stack(0x000000e1f3a00000,0x000000e1f3b00000)]
  0x000002a6f19c1690 JavaThread "build-75" [_thread_blocked, id=22412, stack(0x000000e1f3b00000,0x000000e1f3c00000)]
  0x000002a6f19bdcd0 JavaThread "build-76" [_thread_blocked, id=22416, stack(0x000000e1f3c00000,0x000000e1f3d00000)]
  0x000002a6f19bbb20 JavaThread "build-77" [_thread_blocked, id=22420, stack(0x000000e1f3d00000,0x000000e1f3e00000)]
  0x000002a6f19c2030 JavaThread "build-78" [_thread_blocked, id=22424, stack(0x000000e1f3e00000,0x000000e1f3f00000)]
  0x000002a6f19bd330 JavaThread "build-79" [_thread_blocked, id=22428, stack(0x000000e1f3f00000,0x000000e1f4000000)]
  0x000002a6f19bc990 JavaThread "build-80" [_thread_blocked, id=22432, stack(0x000000e1f4000000,0x000000e1f4100000)]
  0x000002a6f19bce60 JavaThread "build-81" [_thread_blocked, id=22436, stack(0x000000e1f4100000,0x000000e1f4200000)]
  0x000002a6f19c2500 JavaThread "build-82" [_thread_blocked, id=22440, stack(0x000000e1f4200000,0x000000e1f4300000)]
  0x000002a6f19bacb0 JavaThread "build-83" [_thread_blocked, id=22444, stack(0x000000e1f4300000,0x000000e1f4400000)]
  0x000002a6f19be670 JavaThread "build-84" [_thread_blocked, id=22448, stack(0x000000e1f4400000,0x000000e1f4500000)]
  0x000002a6f19bf010 JavaThread "build-85" [_thread_blocked, id=22452, stack(0x000000e1f4500000,0x000000e1f4600000)]
  0x000002a6f19bd800 JavaThread "build-86" [_thread_blocked, id=22456, stack(0x000000e1f4600000,0x000000e1f4700000)]
  0x000002a6f19bf4e0 JavaThread "build-87" [_thread_blocked, id=22460, stack(0x000000e1f4700000,0x000000e1f4800000)]
  0x000002a6f1a56420 JavaThread "build-88" [_thread_blocked, id=22464, stack(0x000000e1f4800000,0x000000e1f4900000)]
  0x000002a6f1a550e0 JavaThread "build-89" [_thread_blocked, id=22468, stack(0x000000e1f4900000,0x000000e1f4a00000)]
  0x000002a6f1a57c30 JavaThread "build-90" [_thread_blocked, id=22472, stack(0x000000e1f4a00000,0x000000e1f4b00000)]

Other Threads:
  0x000002a6edea90d0 VMThread "VM Thread" [stack: 0x000000e1ed100000,0x000000e1ed200000] [id=21968] _threads_hazard_ptr=0x000002a6f01ae880
  0x000002a6eeca8780 WatcherThread [stack: 0x000000e1ee000000,0x000000e1ee100000] [id=22028]
  0x000002a6d7529040 GCTaskThread "GC Thread#0" [stack: 0x000000e1ecc00000,0x000000e1ecd00000] [id=21948]
  0x000002a6eeeb3330 GCTaskThread "GC Thread#1" [stack: 0x000000e1ee200000,0x000000e1ee300000] [id=22036]
  0x000002a6eeeb35e0 GCTaskThread "GC Thread#2" [stack: 0x000000e1ee300000,0x000000e1ee400000] [id=22040]
  0x000002a6eeeaaa50 GCTaskThread "GC Thread#3" [stack: 0x000000e1ee400000,0x000000e1ee500000] [id=22044]
  0x000002a6eeeaad00 GCTaskThread "GC Thread#4" [stack: 0x000000e1ee500000,0x000000e1ee600000] [id=22048]
  0x000002a6eeedd790 GCTaskThread "GC Thread#5" [stack: 0x000000e1ee600000,0x000000e1ee700000] [id=22052]
  0x000002a6eeef0e70 GCTaskThread "GC Thread#6" [stack: 0x000000e1ee700000,0x000000e1ee800000] [id=22056]
  0x000002a6eefc8770 GCTaskThread "GC Thread#7" [stack: 0x000000e1ee800000,0x000000e1ee900000] [id=22064]
  0x000002a6d753abe0 ConcurrentGCThread "G1 Main Marker" [stack: 0x000000e1ecd00000,0x000000e1ece00000] [id=21952]
  0x000002a6d753c600 ConcurrentGCThread "G1 Conc#0" [stack: 0x000000e1ece00000,0x000000e1ecf00000] [id=21956]
  0x000002a6d758da00 ConcurrentGCThread "G1 Refine#0" [stack: 0x000000e1ecf00000,0x000000e1ed000000] [id=21960]
  0x000002a6ef3fea00 ConcurrentGCThread "G1 Refine#1" [stack: 0x000000e1ee900000,0x000000e1eea00000] [id=22068]
  0x000002a6f01e6f00 ConcurrentGCThread "G1 Refine#2" [stack: 0x000000e1eec00000,0x000000e1eed00000] [id=22084]
  0x000002a6f01e71e0 ConcurrentGCThread "G1 Refine#3" [stack: 0x000000e1eed00000,0x000000e1eee00000] [id=22088]
  0x000002a6f01e8ac0 ConcurrentGCThread "G1 Refine#4" [stack: 0x000000e1eee00000,0x000000e1eef00000] [id=22092]
  0x000002a6f01e84d0 ConcurrentGCThread "G1 Refine#5" [stack: 0x000000e1eef00000,0x000000e1ef000000] [id=22096]
  0x000002a6f01e87b0 ConcurrentGCThread "G1 Refine#6" [stack: 0x000000e1ef000000,0x000000e1ef100000] [id=22100]
  0x000002a6f01f21c0 ConcurrentGCThread "G1 Refine#7" [stack: 0x000000e1ef100000,0x000000e1ef200000] [id=22104]
  0x000002a6d758e420 ConcurrentGCThread "G1 Service" [stack: 0x000000e1ed000000,0x000000e1ed100000] [id=21964]

Threads with active compile tasks:
C1 CompilerThread1     1929 3320       1       io.quarkus.gizmo.BytecodeCreatorImpl::newArray (341 bytes)
C1 CompilerThread2     1929 3324       1       io.quarkus.gizmo.BytecodeCreatorImpl::invokeVirtualMethod (70 bytes)

VM state: not at safepoint (normal execution)

VM Mutex/Monitor currently owned by a thread:  ([mutex/lock_event])
[0x000002a6d74b8ae0] Compile_lock - owner thread: 0x000002a6f19bfe80
[0x000002a6d74ba5e0] MethodCompileQueue_lock - owner thread: 0x000002a6ee8e53d0

Heap address: 0x0000000703a00000, size: 4038 MB, Compressed Oops mode: Zero based, Oop shift amount: 3

CDS archive(s) mapped at: [0x0000000800000000-0x0000000800bd0000-0x0000000800bd0000), size 12386304, SharedBaseAddress: 0x0000000800000000, ArchiveRelocationMode: 0.
Compressed class space mapped at: 0x0000000800c00000-0x0000000840c00000, reserved size: 1073741824
Narrow klass base: 0x0000000800000000, Narrow klass shift: 0, Narrow klass range: 0x100000000

GC Precious Log:
 CPUs: 8 total, 8 available
 Memory: 16144M
 Large Page Support: Disabled
 NUMA Support: Disabled
 Compressed Oops: Enabled (Zero based)
 Heap Region Size: 2M
 Heap Min Capacity: 8M
 Heap Initial Capacity: 254M
 Heap Max Capacity: 4038M
 Pre-touch: Disabled
 Parallel Workers: 8
 Concurrent Workers: 2
 Concurrent Refinement Workers: 8
 Periodic GC: Disabled

Heap:
 garbage-first heap   total 354304K, used 133407K [0x0000000703a00000, 0x0000000800000000)
  region size 2048K, 46 young (94208K), 2 survivors (4096K)
 Metaspace       used 18632K, committed 19072K, reserved 1073152K
  class space    used 2567K, committed 2816K, reserved 1048576K

Heap Regions: E=young(eden), S=young(survivor), O=old, HS=humongous(starts), HC=humongous(continues), CS=collection set, F=free, OA=open archive, CA=closed archive, TAMS=top-at-mark-start (previous, next)
|   0|0x0000000703a00000, 0x0000000703c00000, 0x0000000703c00000|100%| O|  |TAMS 0x0000000703a00000, 0x0000000703a00000| Untracked 
|   1|0x0000000703c00000, 0x0000000703e00000, 0x0000000703e00000|100%| O|  |TAMS 0x0000000703c00000, 0x0000000703c00000| Untracked 
|   2|0x0000000703e00000, 0x0000000704000000, 0x0000000704000000|100%| O|  |TAMS 0x0000000703e00000, 0x0000000703e00000| Untracked 
|   3|0x0000000704000000, 0x0000000704200000, 0x0000000704200000|100%| O|  |TAMS 0x0000000704000000, 0x0000000704000000| Untracked 
|   4|0x0000000704200000, 0x0000000704400000, 0x0000000704400000|100%|HS|  |TAMS 0x0000000704200000, 0x0000000704200000| Complete 
|   5|0x0000000704400000, 0x0000000704600000, 0x0000000704600000|100%| O|  |TAMS 0x0000000704400000, 0x0000000704400000| Untracked 
|   6|0x0000000704600000, 0x0000000704800000, 0x0000000704800000|100%| O|  |TAMS 0x0000000704600000, 0x0000000704600000| Untracked 
|   7|0x0000000704800000, 0x0000000704a00000, 0x0000000704a00000|100%| O|  |TAMS 0x0000000704800000, 0x0000000704800000| Untracked 
|   8|0x0000000704a00000, 0x0000000704c00000, 0x0000000704c00000|100%| O|  |TAMS 0x0000000704a00000, 0x0000000704a00000| Untracked 
|   9|0x0000000704c00000, 0x0000000704e00000, 0x0000000704e00000|100%| O|  |TAMS 0x0000000704c00000, 0x0000000704c00000| Untracked 
|  10|0x0000000704e00000, 0x0000000705000000, 0x0000000705000000|100%| O|  |TAMS 0x0000000704e00000, 0x0000000704e00000| Untracked 
|  11|0x0000000705000000, 0x0000000705200000, 0x0000000705200000|100%| O|  |TAMS 0x0000000705000000, 0x0000000705000000| Untracked 
|  12|0x0000000705200000, 0x0000000705400000, 0x0000000705400000|100%| O|  |TAMS 0x0000000705200000, 0x0000000705200000| Untracked 
|  13|0x0000000705400000, 0x0000000705600000, 0x0000000705600000|100%| O|  |TAMS 0x0000000705400000, 0x0000000705400000| Untracked 
|  14|0x0000000705600000, 0x0000000705800000, 0x0000000705800000|100%| O|  |TAMS 0x0000000705600000, 0x0000000705600000| Untracked 
|  15|0x0000000705800000, 0x0000000705a00000, 0x0000000705a00000|100%| O|  |TAMS 0x0000000705800000, 0x0000000705800000| Untracked 
|  16|0x0000000705a00000, 0x0000000705c00000, 0x0000000705c00000|100%| O|  |TAMS 0x0000000705a00000, 0x0000000705a00000| Untracked 
|  17|0x0000000705c00000, 0x0000000705e00000, 0x0000000705e00000|100%| O|  |TAMS 0x0000000705c00000, 0x0000000705c00000| Untracked 
|  18|0x0000000705e00000, 0x0000000706000000, 0x0000000706000000|100%| O|  |TAMS 0x0000000705e00000, 0x0000000705e00000| Untracked 
|  19|0x0000000706000000, 0x0000000706200000, 0x0000000706200000|100%| O|  |TAMS 0x0000000706000000, 0x0000000706000000| Untracked 
|  20|0x0000000706200000, 0x00000007063da800, 0x0000000706400000| 92%| O|  |TAMS 0x0000000706200000, 0x0000000706200000| Untracked 
|  21|0x0000000706400000, 0x0000000706400000, 0x0000000706600000|  0%| F|  |TAMS 0x0000000706400000, 0x0000000706400000| Untracked 
|  22|0x0000000706600000, 0x0000000706600000, 0x0000000706800000|  0%| F|  |TAMS 0x0000000706600000, 0x0000000706600000| Untracked 
|  23|0x0000000706800000, 0x0000000706800000, 0x0000000706a00000|  0%| F|  |TAMS 0x0000000706800000, 0x0000000706800000| Untracked 
|  24|0x0000000706a00000, 0x0000000706a00000, 0x0000000706c00000|  0%| F|  |TAMS 0x0000000706a00000, 0x0000000706a00000| Untracked 
|  25|0x0000000706c00000, 0x0000000706c00000, 0x0000000706e00000|  0%| F|  |TAMS 0x0000000706c00000, 0x0000000706c00000| Untracked 
|  26|0x0000000706e00000, 0x0000000706e00000, 0x0000000707000000|  0%| F|  |TAMS 0x0000000706e00000, 0x0000000706e00000| Untracked 
|  27|0x0000000707000000, 0x0000000707000000, 0x0000000707200000|  0%| F|  |TAMS 0x0000000707000000, 0x0000000707000000| Untracked 
|  28|0x0000000707200000, 0x0000000707200000, 0x0000000707400000|  0%| F|  |TAMS 0x0000000707200000, 0x0000000707200000| Untracked 
|  29|0x0000000707400000, 0x0000000707400000, 0x0000000707600000|  0%| F|  |TAMS 0x0000000707400000, 0x0000000707400000| Untracked 
|  30|0x0000000707600000, 0x0000000707600000, 0x0000000707800000|  0%| F|  |TAMS 0x0000000707600000, 0x0000000707600000| Untracked 
|  31|0x0000000707800000, 0x0000000707800000, 0x0000000707a00000|  0%| F|  |TAMS 0x0000000707800000, 0x0000000707800000| Untracked 
|  32|0x0000000707a00000, 0x0000000707a00000, 0x0000000707c00000|  0%| F|  |TAMS 0x0000000707a00000, 0x0000000707a00000| Untracked 
|  33|0x0000000707c00000, 0x0000000707c00000, 0x0000000707e00000|  0%| F|  |TAMS 0x0000000707c00000, 0x0000000707c00000| Untracked 
|  34|0x0000000707e00000, 0x0000000707e00000, 0x0000000708000000|  0%| F|  |TAMS 0x0000000707e00000, 0x0000000707e00000| Untracked 
|  35|0x0000000708000000, 0x0000000708000000, 0x0000000708200000|  0%| F|  |TAMS 0x0000000708000000, 0x0000000708000000| Untracked 
|  36|0x0000000708200000, 0x0000000708200000, 0x0000000708400000|  0%| F|  |TAMS 0x0000000708200000, 0x0000000708200000| Untracked 
|  37|0x0000000708400000, 0x0000000708400000, 0x0000000708600000|  0%| F|  |TAMS 0x0000000708400000, 0x0000000708400000| Untracked 
|  38|0x0000000708600000, 0x0000000708600000, 0x0000000708800000|  0%| F|  |TAMS 0x0000000708600000, 0x0000000708600000| Untracked 
|  39|0x0000000708800000, 0x0000000708800000, 0x0000000708a00000|  0%| F|  |TAMS 0x0000000708800000, 0x0000000708800000| Untracked 
|  40|0x0000000708a00000, 0x0000000708a00000, 0x0000000708c00000|  0%| F|  |TAMS 0x0000000708a00000, 0x0000000708a00000| Untracked 
|  41|0x0000000708c00000, 0x0000000708c00000, 0x0000000708e00000|  0%| F|  |TAMS 0x0000000708c00000, 0x0000000708c00000| Untracked 
|  42|0x0000000708e00000, 0x0000000708e00000, 0x0000000709000000|  0%| F|  |TAMS 0x0000000708e00000, 0x0000000708e00000| Untracked 
|  43|0x0000000709000000, 0x0000000709000000, 0x0000000709200000|  0%| F|  |TAMS 0x0000000709000000, 0x0000000709000000| Untracked 
|  44|0x0000000709200000, 0x0000000709200000, 0x0000000709400000|  0%| F|  |TAMS 0x0000000709200000, 0x0000000709200000| Untracked 
|  45|0x0000000709400000, 0x0000000709400000, 0x0000000709600000|  0%| F|  |TAMS 0x0000000709400000, 0x0000000709400000| Untracked 
|  46|0x0000000709600000, 0x0000000709600000, 0x0000000709800000|  0%| F|  |TAMS 0x0000000709600000, 0x0000000709600000| Untracked 
|  47|0x0000000709800000, 0x0000000709800000, 0x0000000709a00000|  0%| F|  |TAMS 0x0000000709800000, 0x0000000709800000| Untracked 
|  48|0x0000000709a00000, 0x0000000709a00000, 0x0000000709c00000|  0%| F|  |TAMS 0x0000000709a00000, 0x0000000709a00000| Untracked 
|  49|0x0000000709c00000, 0x0000000709c00000, 0x0000000709e00000|  0%| F|  |TAMS 0x0000000709c00000, 0x0000000709c00000| Untracked 
|  50|0x0000000709e00000, 0x0000000709e00000, 0x000000070a000000|  0%| F|  |TAMS 0x0000000709e00000, 0x0000000709e00000| Untracked 
|  51|0x000000070a000000, 0x000000070a000000, 0x000000070a200000|  0%| F|  |TAMS 0x000000070a000000, 0x000000070a000000| Untracked 
|  52|0x000000070a200000, 0x000000070a200000, 0x000000070a400000|  0%| F|  |TAMS 0x000000070a200000, 0x000000070a200000| Untracked 
|  53|0x000000070a400000, 0x000000070a400000, 0x000000070a600000|  0%| F|  |TAMS 0x000000070a400000, 0x000000070a400000| Untracked 
|  54|0x000000070a600000, 0x000000070a600000, 0x000000070a800000|  0%| F|  |TAMS 0x000000070a600000, 0x000000070a600000| Untracked 
|  55|0x000000070a800000, 0x000000070a800000, 0x000000070aa00000|  0%| F|  |TAMS 0x000000070a800000, 0x000000070a800000| Untracked 
|  56|0x000000070aa00000, 0x000000070aa00000, 0x000000070ac00000|  0%| F|  |TAMS 0x000000070aa00000, 0x000000070aa00000| Untracked 
|  57|0x000000070ac00000, 0x000000070ac00000, 0x000000070ae00000|  0%| F|  |TAMS 0x000000070ac00000, 0x000000070ac00000| Untracked 
|  58|0x000000070ae00000, 0x000000070ae00000, 0x000000070b000000|  0%| F|  |TAMS 0x000000070ae00000, 0x000000070ae00000| Untracked 
|  59|0x000000070b000000, 0x000000070b000000, 0x000000070b200000|  0%| F|  |TAMS 0x000000070b000000, 0x000000070b000000| Untracked 
|  60|0x000000070b200000, 0x000000070b200000, 0x000000070b400000|  0%| F|  |TAMS 0x000000070b200000, 0x000000070b200000| Untracked 
|  61|0x000000070b400000, 0x000000070b400000, 0x000000070b600000|  0%| F|  |TAMS 0x000000070b400000, 0x000000070b400000| Untracked 
|  62|0x000000070b600000, 0x000000070b600000, 0x000000070b800000|  0%| F|  |TAMS 0x000000070b600000, 0x000000070b600000| Untracked 
|  63|0x000000070b800000, 0x000000070b800000, 0x000000070ba00000|  0%| F|  |TAMS 0x000000070b800000, 0x000000070b800000| Untracked 
|  64|0x000000070ba00000, 0x000000070ba00000, 0x000000070bc00000|  0%| F|  |TAMS 0x000000070ba00000, 0x000000070ba00000| Untracked 
|  65|0x000000070bc00000, 0x000000070bc00000, 0x000000070be00000|  0%| F|  |TAMS 0x000000070bc00000, 0x000000070bc00000| Untracked 
|  66|0x000000070be00000, 0x000000070be00000, 0x000000070c000000|  0%| F|  |TAMS 0x000000070be00000, 0x000000070be00000| Untracked 
|  67|0x000000070c000000, 0x000000070c000000, 0x000000070c200000|  0%| F|  |TAMS 0x000000070c000000, 0x000000070c000000| Untracked 
|  68|0x000000070c200000, 0x000000070c200000, 0x000000070c400000|  0%| F|  |TAMS 0x000000070c200000, 0x000000070c200000| Untracked 
|  69|0x000000070c400000, 0x000000070c400000, 0x000000070c600000|  0%| F|  |TAMS 0x000000070c400000, 0x000000070c400000| Untracked 
|  70|0x000000070c600000, 0x000000070c600000, 0x000000070c800000|  0%| F|  |TAMS 0x000000070c600000, 0x000000070c600000| Untracked 
|  71|0x000000070c800000, 0x000000070c800000, 0x000000070ca00000|  0%| F|  |TAMS 0x000000070c800000, 0x000000070c800000| Untracked 
|  72|0x000000070ca00000, 0x000000070ca00000, 0x000000070cc00000|  0%| F|  |TAMS 0x000000070ca00000, 0x000000070ca00000| Untracked 
|  73|0x000000070cc00000, 0x000000070cc00000, 0x000000070ce00000|  0%| F|  |TAMS 0x000000070cc00000, 0x000000070cc00000| Untracked 
|  74|0x000000070ce00000, 0x000000070ce00000, 0x000000070d000000|  0%| F|  |TAMS 0x000000070ce00000, 0x000000070ce00000| Untracked 
|  75|0x000000070d000000, 0x000000070d000000, 0x000000070d200000|  0%| F|  |TAMS 0x000000070d000000, 0x000000070d000000| Untracked 
|  76|0x000000070d200000, 0x000000070d200000, 0x000000070d400000|  0%| F|  |TAMS 0x000000070d200000, 0x000000070d200000| Untracked 
|  77|0x000000070d400000, 0x000000070d400000, 0x000000070d600000|  0%| F|  |TAMS 0x000000070d400000, 0x000000070d400000| Untracked 
|  78|0x000000070d600000, 0x000000070d600000, 0x000000070d800000|  0%| F|  |TAMS 0x000000070d600000, 0x000000070d600000| Untracked 
|  79|0x000000070d800000, 0x000000070d800000, 0x000000070da00000|  0%| F|  |TAMS 0x000000070d800000, 0x000000070d800000| Untracked 
|  80|0x000000070da00000, 0x000000070da00000, 0x000000070dc00000|  0%| F|  |TAMS 0x000000070da00000, 0x000000070da00000| Untracked 
|  81|0x000000070dc00000, 0x000000070dc00000, 0x000000070de00000|  0%| F|  |TAMS 0x000000070dc00000, 0x000000070dc00000| Untracked 
|  82|0x000000070de00000, 0x000000070de00000, 0x000000070e000000|  0%| F|  |TAMS 0x000000070de00000, 0x000000070de00000| Untracked 
|  83|0x000000070e000000, 0x000000070e000000, 0x000000070e200000|  0%| F|  |TAMS 0x000000070e000000, 0x000000070e000000| Untracked 
|  84|0x000000070e200000, 0x000000070e200000, 0x000000070e400000|  0%| F|  |TAMS 0x000000070e200000, 0x000000070e200000| Untracked 
|  85|0x000000070e400000, 0x000000070e400000, 0x000000070e600000|  0%| F|  |TAMS 0x000000070e400000, 0x000000070e400000| Untracked 
|  86|0x000000070e600000, 0x000000070e600000, 0x000000070e800000|  0%| F|  |TAMS 0x000000070e600000, 0x000000070e600000| Untracked 
|  87|0x000000070e800000, 0x000000070e800000, 0x000000070ea00000|  0%| F|  |TAMS 0x000000070e800000, 0x000000070e800000| Untracked 
|  88|0x000000070ea00000, 0x000000070ea00000, 0x000000070ec00000|  0%| F|  |TAMS 0x000000070ea00000, 0x000000070ea00000| Untracked 
|  89|0x000000070ec00000, 0x000000070ec00000, 0x000000070ee00000|  0%| F|  |TAMS 0x000000070ec00000, 0x000000070ec00000| Untracked 
|  90|0x000000070ee00000, 0x000000070ee00000, 0x000000070f000000|  0%| F|  |TAMS 0x000000070ee00000, 0x000000070ee00000| Untracked 
|  91|0x000000070f000000, 0x000000070f000000, 0x000000070f200000|  0%| F|  |TAMS 0x000000070f000000, 0x000000070f000000| Untracked 
|  92|0x000000070f200000, 0x000000070f200000, 0x000000070f400000|  0%| F|  |TAMS 0x000000070f200000, 0x000000070f200000| Untracked 
|  93|0x000000070f400000, 0x000000070f400000, 0x000000070f600000|  0%| F|  |TAMS 0x000000070f400000, 0x000000070f400000| Untracked 
|  94|0x000000070f600000, 0x000000070f600000, 0x000000070f800000|  0%| F|  |TAMS 0x000000070f600000, 0x000000070f600000| Untracked 
|  95|0x000000070f800000, 0x000000070f800000, 0x000000070fa00000|  0%| F|  |TAMS 0x000000070f800000, 0x000000070f800000| Untracked 
|  96|0x000000070fa00000, 0x000000070fa00000, 0x000000070fc00000|  0%| F|  |TAMS 0x000000070fa00000, 0x000000070fa00000| Untracked 
|  97|0x000000070fc00000, 0x000000070fc00000, 0x000000070fe00000|  0%| F|  |TAMS 0x000000070fc00000, 0x000000070fc00000| Untracked 
|  98|0x000000070fe00000, 0x000000070fe00000, 0x0000000710000000|  0%| F|  |TAMS 0x000000070fe00000, 0x000000070fe00000| Untracked 
|  99|0x0000000710000000, 0x0000000710000000, 0x0000000710200000|  0%| F|  |TAMS 0x0000000710000000, 0x0000000710000000| Untracked 
| 100|0x0000000710200000, 0x0000000710200000, 0x0000000710400000|  0%| F|  |TAMS 0x0000000710200000, 0x0000000710200000| Untracked 
| 101|0x0000000710400000, 0x0000000710400000, 0x0000000710600000|  0%| F|  |TAMS 0x0000000710400000, 0x0000000710400000| Untracked 
| 102|0x0000000710600000, 0x0000000710600000, 0x0000000710800000|  0%| F|  |TAMS 0x0000000710600000, 0x0000000710600000| Untracked 
| 103|0x0000000710800000, 0x0000000710800000, 0x0000000710a00000|  0%| F|  |TAMS 0x0000000710800000, 0x0000000710800000| Untracked 
| 104|0x0000000710a00000, 0x0000000710a00000, 0x0000000710c00000|  0%| F|  |TAMS 0x0000000710a00000, 0x0000000710a00000| Untracked 
| 105|0x0000000710c00000, 0x0000000710c00000, 0x0000000710e00000|  0%| F|  |TAMS 0x0000000710c00000, 0x0000000710c00000| Untracked 
| 106|0x0000000710e00000, 0x0000000710e00000, 0x0000000711000000|  0%| F|  |TAMS 0x0000000710e00000, 0x0000000710e00000| Untracked 
| 107|0x0000000711000000, 0x0000000711000000, 0x0000000711200000|  0%| F|  |TAMS 0x0000000711000000, 0x0000000711000000| Untracked 
| 108|0x0000000711200000, 0x0000000711200000, 0x0000000711400000|  0%| F|  |TAMS 0x0000000711200000, 0x0000000711200000| Untracked 
| 109|0x0000000711400000, 0x0000000711400000, 0x0000000711600000|  0%| F|  |TAMS 0x0000000711400000, 0x0000000711400000| Untracked 
| 110|0x0000000711600000, 0x000000071166d6e0, 0x0000000711800000| 21%| S|CS|TAMS 0x0000000711600000, 0x0000000711600000| Complete 
| 111|0x0000000711800000, 0x0000000711a00000, 0x0000000711a00000|100%| S|CS|TAMS 0x0000000711800000, 0x0000000711800000| Complete 
| 112|0x0000000711a00000, 0x0000000711a00000, 0x0000000711c00000|  0%| F|  |TAMS 0x0000000711a00000, 0x0000000711a00000| Untracked 
| 113|0x0000000711c00000, 0x0000000711c00000, 0x0000000711e00000|  0%| F|  |TAMS 0x0000000711c00000, 0x0000000711c00000| Untracked 
| 114|0x0000000711e00000, 0x0000000711e00000, 0x0000000712000000|  0%| F|  |TAMS 0x0000000711e00000, 0x0000000711e00000| Untracked 
| 115|0x0000000712000000, 0x0000000712000000, 0x0000000712200000|  0%| F|  |TAMS 0x0000000712000000, 0x0000000712000000| Untracked 
| 116|0x0000000712200000, 0x0000000712200000, 0x0000000712400000|  0%| F|  |TAMS 0x0000000712200000, 0x0000000712200000| Untracked 
| 117|0x0000000712400000, 0x0000000712400000, 0x0000000712600000|  0%| F|  |TAMS 0x0000000712400000, 0x0000000712400000| Untracked 
| 118|0x0000000712600000, 0x0000000712600000, 0x0000000712800000|  0%| F|  |TAMS 0x0000000712600000, 0x0000000712600000| Untracked 
| 119|0x0000000712800000, 0x0000000712800000, 0x0000000712a00000|  0%| F|  |TAMS 0x0000000712800000, 0x0000000712800000| Untracked 
| 120|0x0000000712a00000, 0x0000000712a00000, 0x0000000712c00000|  0%| F|  |TAMS 0x0000000712a00000, 0x0000000712a00000| Untracked 
| 121|0x0000000712c00000, 0x0000000712c00000, 0x0000000712e00000|  0%| F|  |TAMS 0x0000000712c00000, 0x0000000712c00000| Untracked 
| 122|0x0000000712e00000, 0x0000000712e00000, 0x0000000713000000|  0%| F|  |TAMS 0x0000000712e00000, 0x0000000712e00000| Untracked 
| 123|0x0000000713000000, 0x0000000713000000, 0x0000000713200000|  0%| F|  |TAMS 0x0000000713000000, 0x0000000713000000| Untracked 
| 124|0x0000000713200000, 0x0000000713200000, 0x0000000713400000|  0%| F|  |TAMS 0x0000000713200000, 0x0000000713200000| Untracked 
| 125|0x0000000713400000, 0x0000000713400000, 0x0000000713600000|  0%| F|  |TAMS 0x0000000713400000, 0x0000000713400000| Untracked 
| 126|0x0000000713600000, 0x0000000713600000, 0x0000000713800000|  0%| F|  |TAMS 0x0000000713600000, 0x0000000713600000| Untracked 
| 127|0x0000000713800000, 0x0000000713800000, 0x0000000713a00000|  0%| F|  |TAMS 0x0000000713800000, 0x0000000713800000| Untracked 
| 128|0x0000000713a00000, 0x0000000713a00000, 0x0000000713c00000|  0%| F|  |TAMS 0x0000000713a00000, 0x0000000713a00000| Untracked 
| 129|0x0000000713c00000, 0x0000000713d54258, 0x0000000713e00000| 66%| E|  |TAMS 0x0000000713c00000, 0x0000000713c00000| Complete 
| 130|0x0000000713e00000, 0x0000000714000000, 0x0000000714000000|100%| E|CS|TAMS 0x0000000713e00000, 0x0000000713e00000| Complete 
| 131|0x0000000714000000, 0x0000000714200000, 0x0000000714200000|100%| E|CS|TAMS 0x0000000714000000, 0x0000000714000000| Complete 
| 132|0x0000000714200000, 0x0000000714400000, 0x0000000714400000|100%| E|CS|TAMS 0x0000000714200000, 0x0000000714200000| Complete 
| 133|0x0000000714400000, 0x0000000714600000, 0x0000000714600000|100%| E|CS|TAMS 0x0000000714400000, 0x0000000714400000| Complete 
| 134|0x0000000714600000, 0x0000000714800000, 0x0000000714800000|100%| E|CS|TAMS 0x0000000714600000, 0x0000000714600000| Complete 
| 135|0x0000000714800000, 0x0000000714a00000, 0x0000000714a00000|100%| E|CS|TAMS 0x0000000714800000, 0x0000000714800000| Complete 
| 136|0x0000000714a00000, 0x0000000714c00000, 0x0000000714c00000|100%| E|CS|TAMS 0x0000000714a00000, 0x0000000714a00000| Complete 
| 137|0x0000000714c00000, 0x0000000714e00000, 0x0000000714e00000|100%| E|CS|TAMS 0x0000000714c00000, 0x0000000714c00000| Complete 
| 138|0x0000000714e00000, 0x0000000715000000, 0x0000000715000000|100%| E|CS|TAMS 0x0000000714e00000, 0x0000000714e00000| Complete 
| 139|0x0000000715000000, 0x0000000715200000, 0x0000000715200000|100%| E|CS|TAMS 0x0000000715000000, 0x0000000715000000| Complete 
| 140|0x0000000715200000, 0x0000000715400000, 0x0000000715400000|100%| E|CS|TAMS 0x0000000715200000, 0x0000000715200000| Complete 
| 141|0x0000000715400000, 0x0000000715600000, 0x0000000715600000|100%| E|CS|TAMS 0x0000000715400000, 0x0000000715400000| Complete 
| 142|0x0000000715600000, 0x0000000715800000, 0x0000000715800000|100%| E|CS|TAMS 0x0000000715600000, 0x0000000715600000| Complete 
| 143|0x0000000715800000, 0x0000000715a00000, 0x0000000715a00000|100%| E|CS|TAMS 0x0000000715800000, 0x0000000715800000| Complete 
| 144|0x0000000715a00000, 0x0000000715c00000, 0x0000000715c00000|100%| E|CS|TAMS 0x0000000715a00000, 0x0000000715a00000| Complete 
| 145|0x0000000715c00000, 0x0000000715e00000, 0x0000000715e00000|100%| E|CS|TAMS 0x0000000715c00000, 0x0000000715c00000| Complete 
| 146|0x0000000715e00000, 0x0000000716000000, 0x0000000716000000|100%| E|CS|TAMS 0x0000000715e00000, 0x0000000715e00000| Complete 
| 147|0x0000000716000000, 0x0000000716200000, 0x0000000716200000|100%| E|CS|TAMS 0x0000000716000000, 0x0000000716000000| Complete 
| 148|0x0000000716200000, 0x0000000716400000, 0x0000000716400000|100%| E|CS|TAMS 0x0000000716200000, 0x0000000716200000| Complete 
| 149|0x0000000716400000, 0x0000000716600000, 0x0000000716600000|100%| E|CS|TAMS 0x0000000716400000, 0x0000000716400000| Complete 
| 150|0x0000000716600000, 0x0000000716800000, 0x0000000716800000|100%| E|CS|TAMS 0x0000000716600000, 0x0000000716600000| Complete 
| 151|0x0000000716800000, 0x0000000716a00000, 0x0000000716a00000|100%| E|CS|TAMS 0x0000000716800000, 0x0000000716800000| Complete 
| 152|0x0000000716a00000, 0x0000000716c00000, 0x0000000716c00000|100%| E|CS|TAMS 0x0000000716a00000, 0x0000000716a00000| Complete 
| 153|0x0000000716c00000, 0x0000000716e00000, 0x0000000716e00000|100%| E|CS|TAMS 0x0000000716c00000, 0x0000000716c00000| Complete 
| 154|0x0000000716e00000, 0x0000000717000000, 0x0000000717000000|100%| E|CS|TAMS 0x0000000716e00000, 0x0000000716e00000| Complete 
| 155|0x0000000717000000, 0x0000000717200000, 0x0000000717200000|100%| E|CS|TAMS 0x0000000717000000, 0x0000000717000000| Complete 
| 156|0x0000000717200000, 0x0000000717400000, 0x0000000717400000|100%| E|CS|TAMS 0x0000000717200000, 0x0000000717200000| Complete 
| 157|0x0000000717400000, 0x0000000717600000, 0x0000000717600000|100%| E|CS|TAMS 0x0000000717400000, 0x0000000717400000| Complete 
| 158|0x0000000717600000, 0x0000000717800000, 0x0000000717800000|100%| E|CS|TAMS 0x0000000717600000, 0x0000000717600000| Complete 
| 159|0x0000000717800000, 0x0000000717a00000, 0x0000000717a00000|100%| E|CS|TAMS 0x0000000717800000, 0x0000000717800000| Complete 
| 160|0x0000000717a00000, 0x0000000717c00000, 0x0000000717c00000|100%| E|CS|TAMS 0x0000000717a00000, 0x0000000717a00000| Complete 
| 161|0x0000000717c00000, 0x0000000717e00000, 0x0000000717e00000|100%| E|CS|TAMS 0x0000000717c00000, 0x0000000717c00000| Complete 
| 162|0x0000000717e00000, 0x0000000718000000, 0x0000000718000000|100%| E|CS|TAMS 0x0000000717e00000, 0x0000000717e00000| Complete 
| 163|0x0000000718000000, 0x0000000718200000, 0x0000000718200000|100%| E|CS|TAMS 0x0000000718000000, 0x0000000718000000| Complete 
| 164|0x0000000718200000, 0x0000000718400000, 0x0000000718400000|100%| E|CS|TAMS 0x0000000718200000, 0x0000000718200000| Complete 
| 165|0x0000000718400000, 0x0000000718600000, 0x0000000718600000|100%| E|CS|TAMS 0x0000000718400000, 0x0000000718400000| Complete 
| 166|0x0000000718600000, 0x0000000718800000, 0x0000000718800000|100%| E|CS|TAMS 0x0000000718600000, 0x0000000718600000| Complete 
| 167|0x0000000718800000, 0x0000000718a00000, 0x0000000718a00000|100%| E|CS|TAMS 0x0000000718800000, 0x0000000718800000| Complete 
| 168|0x0000000718a00000, 0x0000000718c00000, 0x0000000718c00000|100%| E|CS|TAMS 0x0000000718a00000, 0x0000000718a00000| Complete 
| 169|0x0000000718c00000, 0x0000000718e00000, 0x0000000718e00000|100%| E|CS|TAMS 0x0000000718c00000, 0x0000000718c00000| Complete 
| 170|0x0000000718e00000, 0x0000000719000000, 0x0000000719000000|100%| E|CS|TAMS 0x0000000718e00000, 0x0000000718e00000| Complete 
| 171|0x0000000719000000, 0x0000000719200000, 0x0000000719200000|100%| E|CS|TAMS 0x0000000719000000, 0x0000000719000000| Complete 
| 172|0x0000000719200000, 0x0000000719400000, 0x0000000719400000|100%| E|CS|TAMS 0x0000000719200000, 0x0000000719200000| Complete 

Card table byte_map: [0x000002a6e2640000,0x000002a6e2e30000] _byte_map_base: 0x000002a6dee23000

Marking Bits (Prev, Next): (CMBitMap*) 0x000002a6d752a660, (CMBitMap*) 0x000002a6d752a6a0
 Prev Bits: [0x000002a6e3620000, 0x000002a6e7538000)
 Next Bits: [0x000002a6e7540000, 0x000002a6eb458000)

Polling page: 0x000002a6d5420000

Metaspace:

Usage:
  Non-class:     15.69 MB used.
      Class:      2.51 MB used.
       Both:     18.20 MB used.

Virtual space:
  Non-class space:       24.00 MB reserved,      15.88 MB ( 66%) committed,  3 nodes.
      Class space:        1.00 GB reserved,       2.75 MB ( <1%) committed,  1 nodes.
             Both:        1.02 GB reserved,      18.62 MB (  2%) committed. 

Chunk freelists:
   Non-Class:  3.50 MB
       Class:  1.27 MB
        Both:  4.77 MB

MaxMetaspaceSize: unlimited
CompressedClassSpaceSize: 1.00 GB
Initial GC threshold: 21.00 MB
Current GC threshold: 21.00 MB
CDS: on
MetaspaceReclaimPolicy: balanced
 - commit_granule_bytes: 65536.
 - commit_granule_words: 8192.
 - virtual_space_node_default_size: 1048576.
 - enlarge_chunks_in_place: 1.
 - new_chunks_are_fully_committed: 0.
 - uncommit_free_chunks: 1.
 - use_allocation_guard: 0.
 - handle_deallocations: 1.


Internal statistics:

num_allocs_failed_limit: 0.
num_arena_births: 560.
num_arena_deaths: 0.
num_vsnodes_births: 4.
num_vsnodes_deaths: 0.
num_space_committed: 298.
num_space_uncommitted: 0.
num_chunks_returned_to_freelist: 0.
num_chunks_taken_from_freelist: 1384.
num_chunk_merges: 0.
num_chunk_splits: 861.
num_chunks_enlarged: 511.
num_purges: 0.
num_inconsistent_stats: 0.

CodeCache: size=49152Kb used=8576Kb max_used=8576Kb free=40575Kb
 bounds [0x000002a6ded40000, 0x000002a6df5b0000, 0x000002a6e1d40000]
 total_blobs=3812 nmethods=3316 adapters=420
 compilation: enabled
              stopped_count=0, restarted_count=0
 full_count=0

Compilation events (20 events):
Event: 1.888 Thread 0x000002a6ee8e53d0 3261       1       java.lang.Float::equals (33 bytes)
Event: 1.889 Thread 0x000002a6ee8e05f0 nmethod 3255 0x000002a6df57de90 code [0x000002a6df57e040, 0x000002a6df57e448]
Event: 1.889 Thread 0x000002a6ee8e05f0 3256       1       java.lang.Float::<init> (10 bytes)
Event: 1.889 Thread 0x000002a6eee484a0 nmethod 3195 0x000002a6df57e590 code [0x000002a6df57e720, 0x000002a6df57e828]
Event: 1.889 Thread 0x000002a6eee484a0 3257       1       java.lang.Float::valueOf (9 bytes)
Event: 1.889 Thread 0x000002a6ee8e05f0 nmethod 3256 0x000002a6df57ed90 code [0x000002a6df57ef20, 0x000002a6df57eff8]
Event: 1.889 Thread 0x000002a6ee8e53d0 nmethod 3261 0x000002a6df57e910 code [0x000002a6df57eaa0, 0x000002a6df57ecd8]
Event: 1.889 Thread 0x000002a6ee8e05f0 3260       1       java.lang.Double::<init> (10 bytes)
Event: 1.890 Thread 0x000002a6ee8e53d0 3259       1       java.lang.Double::valueOf (9 bytes)
Event: 1.890 Thread 0x000002a6eee484a0 nmethod 3257 0x000002a6df57f090 code [0x000002a6df57f220, 0x000002a6df57f318]
Event: 1.890 Thread 0x000002a6eee484a0 3262       1       java.lang.Double::equals (34 bytes)
Event: 1.890 Thread 0x000002a6ee8e05f0 nmethod 3260 0x000002a6df57f410 code [0x000002a6df57f5a0, 0x000002a6df57f678]
Event: 1.890 Thread 0x000002a6ee8e53d0 nmethod 3259 0x000002a6df57f710 code [0x000002a6df57f8a0, 0x000002a6df57f998]
Event: 1.890 Thread 0x000002a6ee8e05f0 3258       1       java.lang.Long::equals (30 bytes)
Event: 1.890 Thread 0x000002a6ee8e53d0 3221       1       io.quarkus.gizmo.MethodCreatorImpl::resolve (2 bytes)
Event: 1.891 Thread 0x000002a6ee8e53d0 nmethod 3221 0x000002a6df580210 code [0x000002a6df5803a0, 0x000002a6df580478]
Event: 1.891 Thread 0x000002a6eee484a0 nmethod 3262 0x000002a6df57fd90 code [0x000002a6df57ff20, 0x000002a6df580158]
Event: 1.891 Thread 0x000002a6ee8e53d0 3222       1       io.quarkus.gizmo.BytecodeCreatorImpl::resolve (7 bytes)
Event: 1.891 Thread 0x000002a6eee484a0 3263       1       io.quarkus.gizmo.BytecodeCreatorImpl$InvokeOperation::getInputResultHandles (42 bytes)
Event: 1.891 Thread 0x000002a6ee8e05f0 nmethod 3258 0x000002a6df580510 code [0x000002a6df5806a0, 0x000002a6df580838]

GC Heap History (10 events):
Event: 0.461 GC heap before
{Heap before GC invocations=0 (full 0):
 garbage-first heap   total 260096K, used 22528K [0x0000000703a00000, 0x0000000800000000)
  region size 2048K, 11 young (22528K), 0 survivors (0K)
 Metaspace       used 3505K, committed 3712K, reserved 1056768K
  class space    used 403K, committed 512K, reserved 1048576K
}
Event: 0.466 GC heap after
{Heap after GC invocations=1 (full 0):
 garbage-first heap   total 260096K, used 11200K [0x0000000703a00000, 0x0000000800000000)
  region size 2048K, 2 young (4096K), 2 survivors (4096K)
 Metaspace       used 3505K, committed 3712K, reserved 1056768K
  class space    used 403K, committed 512K, reserved 1048576K
}
Event: 0.642 GC heap before
{Heap before GC invocations=1 (full 0):
 garbage-first heap   total 260096K, used 29632K [0x0000000703a00000, 0x0000000800000000)
  region size 2048K, 10 young (20480K), 2 survivors (4096K)
 Metaspace       used 3729K, committed 3968K, reserved 1056768K
  class space    used 447K, committed 576K, reserved 1048576K
}
Event: 0.650 GC heap after
{Heap after GC invocations=2 (full 0):
 garbage-first heap   total 260096K, used 22479K [0x0000000703a00000, 0x0000000800000000)
  region size 2048K, 2 young (4096K), 2 survivors (4096K)
 Metaspace       used 3729K, committed 3968K, reserved 1056768K
  class space    used 447K, committed 576K, reserved 1048576K
}
Event: 0.766 GC heap before
{Heap before GC invocations=2 (full 0):
 garbage-first heap   total 260096K, used 47055K [0x0000000703a00000, 0x0000000800000000)
  region size 2048K, 14 young (28672K), 2 survivors (4096K)
 Metaspace       used 3729K, committed 3968K, reserved 1056768K
  class space    used 447K, committed 576K, reserved 1048576K
}
Event: 0.773 GC heap after
{Heap after GC invocations=3 (full 0):
 garbage-first heap   total 260096K, used 28889K [0x0000000703a00000, 0x0000000800000000)
  region size 2048K, 2 young (4096K), 2 survivors (4096K)
 Metaspace       used 3729K, committed 3968K, reserved 1056768K
  class space    used 447K, committed 576K, reserved 1048576K
}
Event: 1.091 GC heap before
{Heap before GC invocations=3 (full 0):
 garbage-first heap   total 260096K, used 75993K [0x0000000703a00000, 0x0000000800000000)
  region size 2048K, 25 young (51200K), 2 survivors (4096K)
 Metaspace       used 6321K, committed 6592K, reserved 1056768K
  class space    used 816K, committed 960K, reserved 1048576K
}
Event: 1.104 GC heap after
{Heap after GC invocations=4 (full 0):
 garbage-first heap   total 260096K, used 42168K [0x0000000703a00000, 0x0000000800000000)
  region size 2048K, 4 young (8192K), 4 survivors (8192K)
 Metaspace       used 6321K, committed 6592K, reserved 1056768K
  class space    used 816K, committed 960K, reserved 1048576K
}
Event: 1.417 GC heap before
{Heap before GC invocations=4 (full 0):
 garbage-first heap   total 260096K, used 72888K [0x0000000703a00000, 0x0000000800000000)
  region size 2048K, 19 young (38912K), 4 survivors (8192K)
 Metaspace       used 10173K, committed 10496K, reserved 1064960K
  class space    used 1319K, committed 1472K, reserved 1048576K
}
Event: 1.426 GC heap after
{Heap after GC invocations=5 (full 0):
 garbage-first heap   total 354304K, used 45343K [0x0000000703a00000, 0x0000000800000000)
  region size 2048K, 2 young (4096K), 2 survivors (4096K)
 Metaspace       used 10173K, committed 10496K, reserved 1064960K
  class space    used 1319K, committed 1472K, reserved 1048576K
}

Deoptimization events (20 events):
Event: 1.809 Thread 0x000002a6f16486c0 DEOPT PACKING pc=0x000002a6df1605f4 sp=0x000000e1f0efcc70
Event: 1.809 Thread 0x000002a6f16486c0 DEOPT UNPACKING pc=0x000002a6ded92b43 sp=0x000000e1f0efc108 mode 1
Event: 1.809 Thread 0x000002a6f16486c0 DEOPT PACKING pc=0x000002a6df15fc7c sp=0x000000e1f0efcd40
Event: 1.809 Thread 0x000002a6f16486c0 DEOPT UNPACKING pc=0x000002a6ded92b43 sp=0x000000e1f0efc1e8 mode 1
Event: 1.810 Thread 0x000002a6f16486c0 DEOPT PACKING pc=0x000002a6df51c69c sp=0x000000e1f0efcd90
Event: 1.810 Thread 0x000002a6f16486c0 DEOPT UNPACKING pc=0x000002a6ded92b43 sp=0x000000e1f0efc3b0 mode 1
Event: 1.810 Thread 0x000002a6f16486c0 DEOPT PACKING pc=0x000002a6df29ea74 sp=0x000000e1f0efcfe0
Event: 1.810 Thread 0x000002a6f16486c0 DEOPT UNPACKING pc=0x000002a6ded92b43 sp=0x000000e1f0efc498 mode 1
Event: 1.810 Thread 0x000002a6f16486c0 DEOPT PACKING pc=0x000002a6df2da6dc sp=0x000000e1f0efd970
Event: 1.810 Thread 0x000002a6f16486c0 DEOPT UNPACKING pc=0x000002a6ded92b43 sp=0x000000e1f0efce60 mode 1
Event: 1.810 Thread 0x000002a6f16486c0 DEOPT PACKING pc=0x000002a6df1605f4 sp=0x000000e1f0efcc70
Event: 1.810 Thread 0x000002a6f16486c0 DEOPT UNPACKING pc=0x000002a6ded92b43 sp=0x000000e1f0efc108 mode 1
Event: 1.811 Thread 0x000002a6f16486c0 DEOPT PACKING pc=0x000002a6df15fc7c sp=0x000000e1f0efcd40
Event: 1.811 Thread 0x000002a6f16486c0 DEOPT UNPACKING pc=0x000002a6ded92b43 sp=0x000000e1f0efc1e8 mode 1
Event: 1.811 Thread 0x000002a6f16486c0 DEOPT PACKING pc=0x000002a6df51c69c sp=0x000000e1f0efcd90
Event: 1.811 Thread 0x000002a6f16486c0 DEOPT UNPACKING pc=0x000002a6ded92b43 sp=0x000000e1f0efc3b0 mode 1
Event: 1.811 Thread 0x000002a6f16486c0 DEOPT PACKING pc=0x000002a6df29ea74 sp=0x000000e1f0efcfe0
Event: 1.811 Thread 0x000002a6f16486c0 DEOPT UNPACKING pc=0x000002a6ded92b43 sp=0x000000e1f0efc498 mode 1
Event: 1.811 Thread 0x000002a6f16486c0 DEOPT PACKING pc=0x000002a6df2da6dc sp=0x000000e1f0efd970
Event: 1.811 Thread 0x000002a6f16486c0 DEOPT UNPACKING pc=0x000002a6ded92b43 sp=0x000000e1f0efce60 mode 1

Classes unloaded (0 events):
No events

Classes redefined (0 events):
No events

Internal exceptions (20 events):
Event: 1.706 Thread 0x000002a6f164b210 Exception <a 'sun/nio/fs/WindowsException'{0x0000000716c93458}> (0x0000000716c93458) 
thrown [s\open\src\hotspot\share\prims\jni.cpp, line 516]
Event: 1.707 Thread 0x000002a6f164b210 Exception <a 'sun/nio/fs/WindowsException'{0x0000000716c93698}> (0x0000000716c93698) 
thrown [s\open\src\hotspot\share\prims\jni.cpp, line 516]
Event: 1.708 Thread 0x000002a6f164b210 Exception <a 'sun/nio/fs/WindowsException'{0x0000000716c93f88}> (0x0000000716c93f88) 
thrown [s\open\src\hotspot\share\prims\jni.cpp, line 516]
Event: 1.708 Thread 0x000002a6f164b210 Exception <a 'sun/nio/fs/WindowsException'{0x0000000716c94220}> (0x0000000716c94220) 
thrown [s\open\src\hotspot\share\prims\jni.cpp, line 516]
Event: 1.717 Thread 0x000002a6f164b210 Exception <a 'sun/nio/fs/WindowsException'{0x0000000716c94ae8}> (0x0000000716c94ae8) 
thrown [s\open\src\hotspot\share\prims\jni.cpp, line 516]
Event: 1.721 Thread 0x000002a6f164b210 Exception <a 'sun/nio/fs/WindowsException'{0x0000000716c94d58}> (0x0000000716c94d58) 
thrown [s\open\src\hotspot\share\prims\jni.cpp, line 516]
Event: 1.723 Thread 0x000002a6f164b210 Exception <a 'sun/nio/fs/WindowsException'{0x0000000716c95600}> (0x0000000716c95600) 
thrown [s\open\src\hotspot\share\prims\jni.cpp, line 516]
Event: 1.726 Thread 0x000002a6f164b210 Exception <a 'sun/nio/fs/WindowsException'{0x0000000716c95850}> (0x0000000716c95850) 
thrown [s\open\src\hotspot\share\prims\jni.cpp, line 516]
Event: 1.727 Thread 0x000002a6f164b210 Exception <a 'sun/nio/fs/WindowsException'{0x0000000716c960f8}> (0x0000000716c960f8) 
thrown [s\open\src\hotspot\share\prims\jni.cpp, line 516]
Event: 1.729 Thread 0x000002a6f164b210 Exception <a 'sun/nio/fs/WindowsException'{0x0000000716c96290}> (0x0000000716c96290) 
thrown [s\open\src\hotspot\share\prims\jni.cpp, line 516]
Event: 1.730 Thread 0x000002a6f164b210 Exception <a 'sun/nio/fs/WindowsException'{0x0000000716c96b50}> (0x0000000716c96b50) 
thrown [s\open\src\hotspot\share\prims\jni.cpp, line 516]
Event: 1.731 Thread 0x000002a6f164b210 Exception <a 'sun/nio/fs/WindowsException'{0x0000000716c96d90}> (0x0000000716c96d90) 
thrown [s\open\src\hotspot\share\prims\jni.cpp, line 516]
Event: 1.731 Thread 0x000002a6f164b210 Exception <a 'sun/nio/fs/WindowsException'{0x0000000716c97628}> (0x0000000716c97628) 
thrown [s\open\src\hotspot\share\prims\jni.cpp, line 516]
Event: 1.731 Thread 0x000002a6f164b210 Exception <a 'sun/nio/fs/WindowsException'{0x0000000716c97838}> (0x0000000716c97838) 
thrown [s\open\src\hotspot\share\prims\jni.cpp, line 516]
Event: 1.732 Thread 0x000002a6f164b210 Exception <a 'sun/nio/fs/WindowsException'{0x0000000716c98060}> (0x0000000716c98060) 
thrown [s\open\src\hotspot\share\prims\jni.cpp, line 516]
Event: 1.732 Thread 0x000002a6f164b210 Exception <a 'sun/nio/fs/WindowsException'{0x0000000716c98260}> (0x0000000716c98260) 
thrown [s\open\src\hotspot\share\prims\jni.cpp, line 516]
Event: 1.792 Thread 0x000002a6f19bf4e0 Exception <a 'java/lang/NoSuchMethodError'{0x00000007154a7b90}: 'void java.lang.invoke.DirectMethodHandle$Holder.invokeInterface(java.lang.Object, java.lang.Object, java.lang.Object)'> (0x00000007154a7b90) 
thrown [s\open\src\hotspot\share\interpreter\linkResolver.cpp, line 759]
Event: 1.802 Thread 0x000002a6f16481f0 Exception <a 'java/lang/NoSuchMethodError'{0x0000000714ed90d8}: 'void java.lang.invoke.DirectMethodHandle$Holder.invokeStatic(java.lang.Object, int, java.lang.Object)'> (0x0000000714ed90d8) 
thrown [s\open\src\hotspot\share\interpreter\linkResolver.cpp, line 759]
Event: 1.889 Thread 0x000002a6f16481f0 Exception <a 'java/lang/NullPointerException'{0x00000007143b3b18}> (0x00000007143b3b18) 
thrown [s\open\src\hotspot\share\interpreter\linkResolver.cpp, line 1350]
Event: 1.890 Thread 0x000002a6f16481f0 Exception <a 'java/lang/NoSuchFieldError'{0x00000007143b9ea0}: STDIN_FILENO> (0x00000007143b9ea0) 
thrown [s\open\src\hotspot\share\prims\jni.cpp, line 1985]

VM Operations (20 events):
Event: 1.278 Executing VM operation: HandshakeAllThreads
Event: 1.278 Executing VM operation: HandshakeAllThreads done
Event: 1.417 Executing VM operation: G1CollectForAllocation
Event: 1.426 Executing VM operation: G1CollectForAllocation done
Event: 1.472 Executing VM operation: HandshakeAllThreads
Event: 1.472 Executing VM operation: HandshakeAllThreads done
Event: 1.656 Executing VM operation: HandshakeAllThreads
Event: 1.656 Executing VM operation: HandshakeAllThreads done
Event: 1.702 Executing VM operation: HandshakeAllThreads
Event: 1.714 Executing VM operation: HandshakeAllThreads done
Event: 1.729 Executing VM operation: HandshakeAllThreads
Event: 1.733 Executing VM operation: HandshakeAllThreads done
Event: 1.733 Executing VM operation: HandshakeAllThreads
Event: 1.761 Executing VM operation: HandshakeAllThreads done
Event: 1.761 Executing VM operation: HandshakeAllThreads
Event: 1.767 Executing VM operation: HandshakeAllThreads done
Event: 1.775 Executing VM operation: HandshakeAllThreads
Event: 1.781 Executing VM operation: HandshakeAllThreads done
Event: 1.786 Executing VM operation: HandshakeAllThreads
Event: 1.792 Executing VM operation: HandshakeAllThreads done

Events (20 events):
Event: 1.871 loading class java/net/InetAddress$NameServiceAddresses done
Event: 1.873 loading class sun/net/InetAddressCachePolicy
Event: 1.873 loading class sun/net/InetAddressCachePolicy done
Event: 1.873 loading class sun/net/InetAddressCachePolicy$1
Event: 1.873 loading class sun/net/InetAddressCachePolicy$1 done
Event: 1.874 loading class sun/net/InetAddressCachePolicy$2
Event: 1.874 loading class sun/net/InetAddressCachePolicy$2 done
Event: 1.874 loading class java/net/InetAddress$CachedAddresses
Event: 1.874 loading class java/net/InetAddress$CachedAddresses done
Event: 1.879 Loaded shared library C:\Users\Admin\.gradle\native\jansi\1.18\windows64\jansi.dll
Event: 1.880 loading class jdk/internal/loader/NativeLibraries$Unloader
Event: 1.880 loading class jdk/internal/loader/NativeLibraries$Unloader done
Event: 1.883 loading class sun/nio/fs/WindowsLinkSupport
Event: 1.883 loading class sun/nio/fs/WindowsLinkSupport done
Event: 1.885 loading class java/nio/charset/UnsupportedCharsetException
Event: 1.885 loading class java/nio/charset/UnsupportedCharsetException done
Event: 1.887 loading class java/util/Scanner
Event: 1.888 loading class java/util/Scanner done
Event: 1.891 loading class java/io/StringReader
Event: 1.891 loading class java/io/StringReader done


Dynamic libraries:
0x00007ff756730000 - 0x00007ff756740000 	C:\Program Files\Java\jdk-17\bin\java.exe
0x00007ff93add0000 - 0x00007ff93afe4000 	C:\WINDOWS\SYSTEM32\ntdll.dll
0x00007ff93a540000 - 0x00007ff93a604000 	C:\WINDOWS\System32\KERNEL32.DLL
0x00007ff938180000 - 0x00007ff938524000 	C:\WINDOWS\System32\KERNELBASE.dll
0x00007ff938780000 - 0x00007ff938891000 	C:\WINDOWS\System32\ucrtbase.dll
0x00007ff91e060000 - 0x00007ff91e079000 	C:\Program Files\Java\jdk-17\bin\jli.dll
0x00007ff93a7b0000 - 0x00007ff93a860000 	C:\WINDOWS\System32\ADVAPI32.dll
0x00007ff919fa0000 - 0x00007ff919fbb000 	C:\Program Files\Java\jdk-17\bin\VCRUNTIME140.dll
0x00007ff938d50000 - 0x00007ff938df7000 	C:\WINDOWS\System32\msvcrt.dll
0x00007ff93aa70000 - 0x00007ff93ab16000 	C:\WINDOWS\System32\sechost.dll
0x00007ff93a950000 - 0x00007ff93aa67000 	C:\WINDOWS\System32\RPCRT4.dll
0x00007ff939030000 - 0x00007ff9391de000 	C:\WINDOWS\System32\USER32.dll
0x00007ff91a2c0000 - 0x00007ff91a553000 	C:\WINDOWS\WinSxS\amd64_microsoft.windows.common-controls_6595b64144ccf1df_6.0.22621.2215_none_270d72677387dfc3\COMCTL32.dll
0x00007ff9388a0000 - 0x00007ff9388c6000 	C:\WINDOWS\System32\win32u.dll
0x00007ff938c40000 - 0x00007ff938c69000 	C:\WINDOWS\System32\GDI32.dll
0x00007ff9385f0000 - 0x00007ff938708000 	C:\WINDOWS\System32\gdi32full.dll
0x00007ff9388d0000 - 0x00007ff93896a000 	C:\WINDOWS\System32\msvcp_win.dll
0x00007ff924e90000 - 0x00007ff924e9a000 	C:\WINDOWS\SYSTEM32\VERSION.dll
0x00007ff93ab30000 - 0x00007ff93ab61000 	C:\WINDOWS\System32\IMM32.DLL
0x00007ff92f4f0000 - 0x00007ff92f4fc000 	C:\Program Files\Java\jdk-17\bin\vcruntime140_1.dll
0x00007ff919f10000 - 0x00007ff919f9e000 	C:\Program Files\Java\jdk-17\bin\msvcp140.dll
0x00007ff8ffc70000 - 0x00007ff90084d000 	C:\Program Files\Java\jdk-17\bin\server\jvm.dll
0x00007ff93a710000 - 0x00007ff93a718000 	C:\WINDOWS\System32\PSAPI.DLL
0x00007ff92f4c0000 - 0x00007ff92f4c9000 	C:\WINDOWS\SYSTEM32\WSOCK32.dll
0x00007ff931c50000 - 0x00007ff931c84000 	C:\WINDOWS\SYSTEM32\WINMM.dll
0x00007ff938b60000 - 0x00007ff938bd1000 	C:\WINDOWS\System32\WS2_32.dll
0x00007ff937230000 - 0x00007ff937248000 	C:\WINDOWS\SYSTEM32\kernel.appcore.dll
0x00007ff91e5b0000 - 0x00007ff91e5ba000 	C:\Program Files\Java\jdk-17\bin\jimage.dll
0x00007ff932120000 - 0x00007ff93234e000 	C:\WINDOWS\SYSTEM32\DBGHELP.DLL
0x00007ff9391e0000 - 0x00007ff93956a000 	C:\WINDOWS\System32\combase.dll
0x00007ff938c70000 - 0x00007ff938d47000 	C:\WINDOWS\System32\OLEAUT32.dll
0x00007ff931c10000 - 0x00007ff931c42000 	C:\WINDOWS\SYSTEM32\dbgcore.DLL
0x00007ff938ae0000 - 0x00007ff938b5a000 	C:\WINDOWS\System32\bcryptPrimitives.dll
0x00007ff91e1a0000 - 0x00007ff91e1ae000 	C:\Program Files\Java\jdk-17\bin\instrument.dll
0x00007ff919ee0000 - 0x00007ff919f05000 	C:\Program Files\Java\jdk-17\bin\java.dll
0x00007ff919e70000 - 0x00007ff919eab000 	C:\Program Files\Java\jdk-17\bin\jdwp.dll
0x00007ff904b00000 - 0x00007ff904bd7000 	C:\Program Files\Java\jdk-17\bin\jsvml.dll
0x00007ff939d10000 - 0x00007ff93a533000 	C:\WINDOWS\System32\SHELL32.dll
0x00007ff9360d0000 - 0x00007ff9369ba000 	C:\WINDOWS\SYSTEM32\windows.storage.dll
0x00007ff935f90000 - 0x00007ff9360ce000 	C:\WINDOWS\SYSTEM32\wintypes.dll
0x00007ff9396c0000 - 0x00007ff9397b3000 	C:\WINDOWS\System32\SHCORE.dll
0x00007ff93a8d0000 - 0x00007ff93a92e000 	C:\WINDOWS\System32\shlwapi.dll
0x00007ff9380b0000 - 0x00007ff9380d6000 	C:\WINDOWS\SYSTEM32\profapi.dll
0x00007ff9150f0000 - 0x00007ff915108000 	C:\Program Files\Java\jdk-17\bin\zip.dll
0x00007ff919ec0000 - 0x00007ff919ed9000 	C:\Program Files\Java\jdk-17\bin\net.dll
0x00007ff92de80000 - 0x00007ff92dfb7000 	C:\WINDOWS\SYSTEM32\WINHTTP.dll
0x00007ff9376f0000 - 0x00007ff937759000 	C:\WINDOWS\system32\mswsock.dll
0x00007ff915390000 - 0x00007ff9153a6000 	C:\Program Files\Java\jdk-17\bin\nio.dll
0x00007ff92fc10000 - 0x00007ff92fc1c000 	C:\Program Files\Java\jdk-17\bin\dt_socket.dll
0x00007ff936c90000 - 0x00007ff936cbd000 	C:\WINDOWS\SYSTEM32\IPHLPAPI.DLL
0x00007ff936cc0000 - 0x00007ff936db2000 	C:\WINDOWS\SYSTEM32\DNSAPI.dll
0x00007ff93ab20000 - 0x00007ff93ab29000 	C:\WINDOWS\System32\NSI.dll
0x00007ff92d170000 - 0x00007ff92d17a000 	C:\Windows\System32\rasadhlp.dll
0x00007ff92ac00000 - 0x00007ff92ac84000 	C:\WINDOWS\System32\fwpuclnt.dll
0x00007ff91e3a0000 - 0x00007ff91e3aa000 	C:\Program Files\Java\jdk-17\bin\management.dll
0x00007ff91e190000 - 0x00007ff91e19b000 	C:\Program Files\Java\jdk-17\bin\management_ext.dll
0x00007ff91e050000 - 0x00007ff91e060000 	C:\Program Files\Java\jdk-17\bin\verify.dll
0x00007ff919fc0000 - 0x00007ff919fca000 	C:\Users\Admin\.gradle\native\jansi\1.18\windows64\jansi.dll

dbghelp: loaded successfully - version: 4.0.5 - missing functions: none
symbol engine: initialized successfully - sym options: 0x614 - pdb path: .;C:\Program Files\Java\jdk-17\bin;C:\WINDOWS\SYSTEM32;C:\WINDOWS\WinSxS\amd64_microsoft.windows.common-controls_6595b64144ccf1df_6.0.22621.2215_none_270d72677387dfc3;C:\Program Files\Java\jdk-17\bin\server;C:\Users\Admin\.gradle\native\jansi\1.18\windows64

VM Arguments:
jvm_args: -javaagent:C:\Users\Admin\.gradle\caches\modules-2\files-2.1\io.quarkus\quarkus-class-change-agent\3.3.2\9e68c3c8ff7eb422127993ff9ac7d48094f4dab0\quarkus-class-change-agent-3.3.2.jar -Dquarkus-internal.serialized-app-model.path=C:\Code\Learning\quarkus\learn-quarkus\poc-with-quarkus\build\tmp\quarkusDev\quarkus-app-model.dat -Dquarkus-internal-test.serialized-app-model.path=C:\Code\Learning\quarkus\learn-quarkus\poc-with-quarkus\build\tmp\quarkusDev\quarkus-app-test-model.dat -XX:TieredStopAtLevel=1 -agentlib:jdwp=transport=dt_socket,address=localhost:5005,server=y,suspend=n -Djava.util.logging.manager=org.jboss.logmanager.LogManager 
java_command: C:\Code\Learning\quarkus\learn-quarkus\poc-with-quarkus\build\poc-with-quarkus-dev.jar
java_class_path (initial): C:\Code\Learning\quarkus\learn-quarkus\poc-with-quarkus\build\poc-with-quarkus-dev.jar
Launcher Type: SUN_STANDARD

[Global flags]
     intx CICompilerCount                          = 4                                         {product} {ergonomic}
     uint ConcGCThreads                            = 2                                         {product} {ergonomic}
     uint G1ConcRefinementThreads                  = 8                                         {product} {ergonomic}
   size_t G1HeapRegionSize                         = 2097152                                   {product} {ergonomic}
    uintx GCDrainStackTargetSize                   = 64                                        {product} {ergonomic}
   size_t InitialHeapSize                          = 266338304                                 {product} {ergonomic}
   size_t MarkStackSize                            = 4194304                                   {product} {ergonomic}
   size_t MaxHeapSize                              = 4234149888                                {product} {ergonomic}
   size_t MaxNewSize                               = 2539651072                                {product} {ergonomic}
   size_t MinHeapDeltaBytes                        = 2097152                                   {product} {ergonomic}
   size_t MinHeapSize                              = 8388608                                   {product} {ergonomic}
    uintx NonProfiledCodeHeapSize                  = 0                                      {pd product} {ergonomic}
     bool ProfileInterpreter                       = false                                  {pd product} {command line}
    uintx ProfiledCodeHeapSize                     = 0                                      {pd product} {ergonomic}
   size_t SoftMaxHeapSize                          = 4234149888                             {manageable} {ergonomic}
     intx TieredStopAtLevel                        = 1                                         {product} {command line}
     bool UseCompressedClassPointers               = true                           {product lp64_product} {ergonomic}
     bool UseCompressedOops                        = true                           {product lp64_product} {ergonomic}
     bool UseG1GC                                  = true                                      {product} {ergonomic}
     bool UseLargePagesIndividualAllocation        = false                                  {pd product} {ergonomic}

Logging:
Log output configuration:
 #0: stdout all=warning uptime,level,tags
 #1: stderr all=off uptime,level,tags

Environment Variables:
JAVA_HOME=C:\Program Files\Java\jdk-17
PATH=C:\Python311\Scripts\;C:\Python311\;C:\Program Files\Common Files\Oracle\Java\javapath;C:\WINDOWS\system32;C:\WINDOWS;C:\WINDOWS\System32\Wbem;C:\WINDOWS\System32\WindowsPowerShell\v1.0\;C:\WINDOWS\System32\OpenSSH\;C:\Program Files\dotnet\;C:\apache-maven-3.8.5\bin;C:\Program Files\Java\jdk-11.0.15\bin;C:\Program Files\Git\cmd;C:\Program Files\PuTTY\;C:\Program Files\Go\bin;C:\ProgramData\chocolatey\bin;C:\Program Files\nodejs\;C:\Program Files\Amazon\AWSCLIV2\;C:\Program Files\Memurai\;C:\Program Files\Docker\Docker\resources\bin;C:\minikube;C:\Gradle\bin;C:\Users\Admin\.jbang\bin;C:\Users\Admin\.cargo\bin;C:\Users\Admin\AppData\Local\Microsoft\WindowsApps;C:\Program Files\JetBrains\IntelliJ IDEA Community Edition 2023.2.1\bin;;C:\Users\Admin\AppData\Local\GitHubDesktop\bin;C:\Users\Admin\AppData\Local\Programs\Microsoft VS Code\bin;C:\Users\Admin\go\bin;C:\Code\Learning\pyVert\vert\JetBrains\IntelliJ IDEA 2023.1.2\bin;;C:\Users\Admin\AppData\Roaming\npm;C:\Program Files\sf\bin
USERNAME=Admin
OS=Windows_NT
PROCESSOR_IDENTIFIER=Intel64 Family 6 Model 142 Stepping 12, GenuineIntel



---------------  S Y S T E M  ---------------

OS:
 Windows 11 , 64 bit Build 22621 (10.0.22621.2215)
OS uptime: 0 days 3:29 hours
Hyper-V role detected

CPU: total 8 (initial active 8) (4 cores per cpu, 2 threads per core) family 6 model 142 stepping 12 microcode 0xf0, cx8, cmov, fxsr, ht, mmx, 3dnowpref, sse, sse2, sse3, ssse3, sse4.1, sse4.2, popcnt, lzcnt, tsc, tscinvbit, avx, avx2, aes, erms, clmul, bmi1, bmi2, adx, fma, vzeroupper, clflush, clflushopt, hv

Memory: 4k page, system-wide physical 16144M (4550M free)
TotalPageFile size 30992M (AvailPageFile size 15527M)
current process WorkingSet (physical memory assigned to process): 255M, peak: 255M
current process commit charge ("private bytes"): 501M, peak: 501M

vm_info: Java HotSpot(TM) 64-Bit Server VM (17.0.7+8-LTS-224) for windows-amd64 JRE (17.0.7+8-LTS-224), built on Feb 28 2023 23:03:02 by "mach5one" with MS VC++ 17.1 (VS2022)

END.
